2023-12-20 21:23:24,541 - ===> loading train, validation and eval dataset
2023-12-20 21:24:04,550 - ===> loading train, validation and eval dataset
2023-12-20 21:27:50,580 - ===> loading train, validation and eval dataset
2023-12-20 21:28:26,815 - ===> loading train, validation and eval dataset
2023-12-20 21:28:55,446 - ===> loading train, validation and eval dataset
2023-12-20 21:32:12,778 - ===> loading train, validation and eval dataset
2023-12-20 21:33:30,962 - ===> loading train, validation and eval dataset
2023-12-20 21:33:33,087 - ### Model summary below###
 CoCPC(
  (encoder): Sequential(
    (0): Linear(in_features=7, out_features=108, bias=True)
    (1): ReLU()
  )
  (gat_layer): Sequential(
    (0): Linear(in_features=14, out_features=1, bias=True)
    (1): Sigmoid()
  )
  (g_cop): GaussianCopula(
    (sig): Sigmoid()
  )
  (gru): GRU(108, 54, batch_first=True)
  (Wk): ModuleList(
    (0): Linear(in_features=118, out_features=108, bias=True)
  )
  (softmax): Softmax(dim=None)
  (lsoftmax): LogSoftmax()
  (predictor): Sequential(
    (0): Linear(in_features=32, out_features=2, bias=True)
    (1): Softmax(dim=None)
  )
)

2023-12-20 21:33:33,088 - ===> Model total parameter: 40470

2023-12-20 21:34:13,946 - Train Epoch: 1 [0/30 (0%)]	lr:0.00025	acc:0.7500	Loss: 465.909515
2023-12-20 21:34:55,838 - Train Epoch: 1 [1/30 (3%)]	lr:0.00050	acc:0.7500	Loss: 436.537384
2023-12-20 21:35:36,728 - Train Epoch: 1 [2/30 (7%)]	lr:0.00075	acc:0.7188	Loss: 473.630249
2023-12-20 21:36:30,342 - Train Epoch: 1 [3/30 (10%)]	lr:0.00100	acc:0.2500	Loss: 530.416931
2023-12-20 21:37:16,211 - Train Epoch: 1 [4/30 (13%)]	lr:0.00125	acc:0.7500	Loss: 494.764648
2023-12-20 21:38:02,163 - Train Epoch: 1 [5/30 (17%)]	lr:0.00150	acc:0.2500	Loss: 459.125305
2023-12-20 21:38:56,085 - Train Epoch: 1 [6/30 (20%)]	lr:0.00175	acc:0.2500	Loss: 752.118469
2023-12-20 21:39:39,428 - Train Epoch: 1 [7/30 (23%)]	lr:0.00200	acc:0.7500	Loss: 514.780884
2023-12-20 21:40:25,366 - Train Epoch: 1 [8/30 (27%)]	lr:0.00225	acc:0.2500	Loss: 668.947388
2023-12-20 21:41:16,265 - Train Epoch: 1 [9/30 (30%)]	lr:0.00250	acc:0.5000	Loss: 509.742432
2023-12-20 21:42:02,184 - Train Epoch: 1 [10/30 (33%)]	lr:0.00275	acc:0.5625	Loss: 500.925842
2023-12-20 21:42:45,597 - Train Epoch: 1 [11/30 (37%)]	lr:0.00300	acc:0.2500	Loss: 651.014954
2023-12-20 21:43:34,396 - Train Epoch: 1 [12/30 (40%)]	lr:0.00325	acc:0.2500	Loss: 514.339600
2023-12-20 21:44:23,067 - Train Epoch: 1 [13/30 (43%)]	lr:0.00350	acc:0.2500	Loss: 817.328125
2023-12-20 21:45:06,527 - Train Epoch: 1 [14/30 (47%)]	lr:0.00375	acc:0.2500	Loss: 465.577484
2023-12-20 21:45:50,007 - Train Epoch: 1 [15/30 (50%)]	lr:0.00400	acc:0.2500	Loss: 492.404816
2023-12-20 21:46:35,853 - Train Epoch: 1 [16/30 (53%)]	lr:0.00425	acc:0.2500	Loss: 447.485504
2023-12-20 21:47:17,716 - Train Epoch: 1 [17/30 (57%)]	lr:0.00450	acc:0.2500	Loss: 470.818359
2023-12-21 15:32:13,800 - ===> loading train, validation and eval dataset
2023-12-21 15:38:57,748 - ===> loading train, validation and eval dataset
2023-12-21 15:39:46,802 - ********* start stock training *********
2023-12-21 15:39:48,396 - Stock Train Epoch: 1 [0/200 (0%)]	acc:0.5078	mcc:0.0000	Loss: 0.693432
2023-12-21 15:39:48,618 - Stock Train Epoch: 1 [10/200 (5%)]	acc:0.5594	mcc:0.1186	Loss: 0.691407
2023-12-21 15:39:48,849 - Stock Train Epoch: 1 [20/200 (10%)]	acc:0.5031	mcc:-0.0068	Loss: 0.693894
2023-12-21 15:39:49,014 - Stock Train Epoch: 1 [30/200 (15%)]	acc:0.5281	mcc:0.0522	Loss: 0.692670
2023-12-21 15:39:49,226 - Stock Train Epoch: 1 [40/200 (20%)]	acc:0.5359	mcc:0.0430	Loss: 0.691700
2023-12-21 15:39:49,399 - Stock Train Epoch: 1 [50/200 (25%)]	acc:0.5141	mcc:0.0067	Loss: 0.691805
2023-12-21 15:39:49,617 - Stock Train Epoch: 1 [60/200 (30%)]	acc:0.4938	mcc:-0.0847	Loss: 0.692607
2023-12-21 15:39:49,775 - Stock Train Epoch: 1 [70/200 (35%)]	acc:0.5266	mcc:0.0651	Loss: 0.692274
2023-12-21 15:39:50,155 - Stock Train Epoch: 1 [80/200 (40%)]	acc:0.5578	mcc:0.1139	Loss: 0.691808
2023-12-21 15:39:50,343 - Stock Train Epoch: 1 [90/200 (45%)]	acc:0.5250	mcc:0.0547	Loss: 0.692790
2023-12-21 15:39:50,601 - Stock Train Epoch: 1 [100/200 (50%)]	acc:0.4953	mcc:0.0292	Loss: 0.693302
2023-12-21 15:39:50,759 - Stock Train Epoch: 1 [110/200 (55%)]	acc:0.5641	mcc:0.1740	Loss: 0.692533
2023-12-21 15:39:50,942 - Stock Train Epoch: 1 [120/200 (60%)]	acc:0.4734	mcc:-0.0814	Loss: 0.693723
2023-12-21 15:39:51,103 - Stock Train Epoch: 1 [130/200 (65%)]	acc:0.5266	mcc:-0.0666	Loss: 0.690906
2023-12-21 15:39:51,276 - Stock Train Epoch: 1 [140/200 (70%)]	acc:0.4641	mcc:-0.1516	Loss: 0.693636
2023-12-21 15:39:51,430 - Stock Train Epoch: 1 [150/200 (75%)]	acc:0.4953	mcc:-0.0614	Loss: 0.692955
2023-12-21 15:39:51,600 - Stock Train Epoch: 1 [160/200 (80%)]	acc:0.5375	mcc:0.1348	Loss: 0.690226
2023-12-21 15:39:51,760 - Stock Train Epoch: 1 [170/200 (85%)]	acc:0.5016	mcc:-0.0322	Loss: 0.692132
2023-12-21 15:39:51,924 - Stock Train Epoch: 1 [180/200 (90%)]	acc:0.5266	mcc:0.0600	Loss: 0.693106
2023-12-21 15:39:52,082 - Stock Train Epoch: 1 [190/200 (95%)]	acc:0.4500	mcc:-0.1082	Loss: 0.695392
2023-12-21 15:39:52,241 -  ====> Stock Training Set: Average loss: 0.6925	 Average acc: 0.5172	 Var acc: 0.0014	 Average mcc: 0.0320	 Var mcc:0.0055

2023-12-21 15:39:52,242 - ********* start stock validation *********
2023-12-21 15:39:52,622 - ===>Stock Validation set: Average loss: 0.6925	Accuracy:0.5025	 MCC:0.0234

2023-12-21 15:39:52,622 - ********* start stock training *********
2023-12-21 15:39:52,637 - Stock Train Epoch: 2 [0/200 (0%)]	acc:0.5203	mcc:0.0375	Loss: 0.693042
2023-12-21 15:39:52,789 - Stock Train Epoch: 2 [10/200 (5%)]	acc:0.5062	mcc:-0.0806	Loss: 0.690878
2023-12-21 15:39:52,991 - Stock Train Epoch: 2 [20/200 (10%)]	acc:0.4734	mcc:0.1219	Loss: 0.693403
2023-12-21 15:39:53,143 - Stock Train Epoch: 2 [30/200 (15%)]	acc:0.4797	mcc:-0.0406	Loss: 0.693379
2023-12-21 15:39:53,309 - Stock Train Epoch: 2 [40/200 (20%)]	acc:0.5563	mcc:0.1460	Loss: 0.689760
2023-12-21 15:39:53,453 - Stock Train Epoch: 2 [50/200 (25%)]	acc:0.4859	mcc:-0.0617	Loss: 0.692249
2023-12-21 15:39:53,668 - Stock Train Epoch: 2 [60/200 (30%)]	acc:0.5500	mcc:0.0212	Loss: 0.690522
2023-12-21 15:39:53,820 - Stock Train Epoch: 2 [70/200 (35%)]	acc:0.4984	mcc:-0.0506	Loss: 0.694031
2023-12-21 15:39:53,988 - Stock Train Epoch: 2 [80/200 (40%)]	acc:0.5250	mcc:0.0985	Loss: 0.690789
2023-12-21 15:39:54,141 - Stock Train Epoch: 2 [90/200 (45%)]	acc:0.4891	mcc:-0.0158	Loss: 0.692435
2023-12-21 15:39:54,351 - Stock Train Epoch: 2 [100/200 (50%)]	acc:0.4719	mcc:-0.0588	Loss: 0.696171
2023-12-21 15:39:54,511 - Stock Train Epoch: 2 [110/200 (55%)]	acc:0.5391	mcc:0.0927	Loss: 0.686875
2023-12-21 15:39:54,682 - Stock Train Epoch: 2 [120/200 (60%)]	acc:0.5031	mcc:0.0118	Loss: 0.692885
2023-12-21 15:39:54,829 - Stock Train Epoch: 2 [130/200 (65%)]	acc:0.5219	mcc:-0.0187	Loss: 0.690647
2023-12-21 15:39:54,992 - Stock Train Epoch: 2 [140/200 (70%)]	acc:0.4750	mcc:0.0407	Loss: 0.694082
2023-12-21 15:39:55,148 - Stock Train Epoch: 2 [150/200 (75%)]	acc:0.5484	mcc:0.0160	Loss: 0.688403
2023-12-21 15:39:55,365 - Stock Train Epoch: 2 [160/200 (80%)]	acc:0.5969	mcc:0.2158	Loss: 0.687000
2023-12-21 15:39:55,523 - Stock Train Epoch: 2 [170/200 (85%)]	acc:0.5156	mcc:-0.0400	Loss: 0.692938
2023-12-21 15:39:55,689 - Stock Train Epoch: 2 [180/200 (90%)]	acc:0.5453	mcc:0.1416	Loss: 0.689283
2023-12-21 15:39:55,847 - Stock Train Epoch: 2 [190/200 (95%)]	acc:0.5563	mcc:-0.0044	Loss: 0.685601
2023-12-21 15:39:55,996 -  ====> Stock Training Set: Average loss: 0.6914	 Average acc: 0.5197	 Var acc: 0.0014	 Average mcc: 0.0373	 Var mcc:0.0045

2023-12-21 15:39:55,997 - ********* start stock validation *********
2023-12-21 15:39:56,363 - ===>Stock Validation set: Average loss: 0.6915	Accuracy:0.5112	 MCC:0.0418

2023-12-21 15:39:56,363 - ********* start stock training *********
2023-12-21 15:39:56,378 - Stock Train Epoch: 3 [0/200 (0%)]	acc:0.4813	mcc:0.1227	Loss: 0.695336
2023-12-21 15:39:56,534 - Stock Train Epoch: 3 [10/200 (5%)]	acc:0.4969	mcc:0.0437	Loss: 0.696443
2023-12-21 15:39:56,730 - Stock Train Epoch: 3 [20/200 (10%)]	acc:0.5484	mcc:0.1084	Loss: 0.683768
2023-12-21 15:39:56,970 - Stock Train Epoch: 3 [30/200 (15%)]	acc:0.4969	mcc:0.0522	Loss: 0.694787
2023-12-21 15:39:57,119 - Stock Train Epoch: 3 [40/200 (20%)]	acc:0.5484	mcc:0.1211	Loss: 0.687756
2023-12-21 15:39:57,259 - Stock Train Epoch: 3 [50/200 (25%)]	acc:0.5484	mcc:0.0901	Loss: 0.689025
2023-12-21 15:39:57,416 - Stock Train Epoch: 3 [60/200 (30%)]	acc:0.4922	mcc:0.0372	Loss: 0.693106
2023-12-21 15:39:57,558 - Stock Train Epoch: 3 [70/200 (35%)]	acc:0.5844	mcc:0.1599	Loss: 0.683627
2023-12-21 15:39:57,720 - Stock Train Epoch: 3 [80/200 (40%)]	acc:0.5141	mcc:0.0489	Loss: 0.689609
2023-12-21 15:39:57,866 - Stock Train Epoch: 3 [90/200 (45%)]	acc:0.5484	mcc:0.0891	Loss: 0.688083
2023-12-21 15:39:58,023 - Stock Train Epoch: 3 [100/200 (50%)]	acc:0.5406	mcc:0.1000	Loss: 0.685210
2023-12-21 15:39:58,167 - Stock Train Epoch: 3 [110/200 (55%)]	acc:0.5500	mcc:0.1113	Loss: 0.689340
2023-12-21 15:39:58,327 - Stock Train Epoch: 3 [120/200 (60%)]	acc:0.5422	mcc:0.0672	Loss: 0.687182
2023-12-21 15:39:58,468 - Stock Train Epoch: 3 [130/200 (65%)]	acc:0.5641	mcc:0.1205	Loss: 0.690398
2023-12-21 15:39:58,640 - Stock Train Epoch: 3 [140/200 (70%)]	acc:0.5375	mcc:0.0893	Loss: 0.681079
2023-12-21 15:39:58,794 - Stock Train Epoch: 3 [150/200 (75%)]	acc:0.5687	mcc:0.1418	Loss: 0.679993
2023-12-21 15:39:58,969 - Stock Train Epoch: 3 [160/200 (80%)]	acc:0.5531	mcc:0.1386	Loss: 0.680599
2023-12-21 15:39:59,118 - Stock Train Epoch: 3 [170/200 (85%)]	acc:0.5641	mcc:0.0907	Loss: 0.679779
2023-12-21 15:39:59,287 - Stock Train Epoch: 3 [180/200 (90%)]	acc:0.5281	mcc:0.0593	Loss: 0.690591
2023-12-21 15:39:59,435 - Stock Train Epoch: 3 [190/200 (95%)]	acc:0.5547	mcc:0.1077	Loss: 0.686002
2023-12-21 15:39:59,589 -  ====> Stock Training Set: Average loss: 0.6867	 Average acc: 0.5434	 Var acc: 0.0009	 Average mcc: 0.0838	 Var mcc:0.0035

2023-12-21 15:39:59,590 - ********* start stock validation *********
2023-12-21 15:40:00,020 - ===>Stock Validation set: Average loss: 0.6847	Accuracy:0.5534	 MCC:0.1095

2023-12-21 15:40:00,020 - ********* start stock training *********
2023-12-21 15:40:00,060 - Stock Train Epoch: 4 [0/200 (0%)]	acc:0.5609	mcc:0.1096	Loss: 0.676135
2023-12-21 15:40:00,318 - Stock Train Epoch: 4 [10/200 (5%)]	acc:0.5922	mcc:0.1340	Loss: 0.681551
2023-12-21 15:40:00,564 - Stock Train Epoch: 4 [20/200 (10%)]	acc:0.5672	mcc:0.1283	Loss: 0.676825
2023-12-21 15:40:00,726 - Stock Train Epoch: 4 [30/200 (15%)]	acc:0.5703	mcc:0.1462	Loss: 0.677645
2023-12-21 15:40:00,902 - Stock Train Epoch: 4 [40/200 (20%)]	acc:0.5391	mcc:0.0424	Loss: 0.683286
2023-12-21 15:40:01,054 - Stock Train Epoch: 4 [50/200 (25%)]	acc:0.5578	mcc:0.1442	Loss: 0.683142
2023-12-21 15:40:01,232 - Stock Train Epoch: 4 [60/200 (30%)]	acc:0.5766	mcc:0.1176	Loss: 0.677128
2023-12-21 15:40:01,395 - Stock Train Epoch: 4 [70/200 (35%)]	acc:0.5656	mcc:0.1209	Loss: 0.681235
2023-12-21 15:40:01,568 - Stock Train Epoch: 4 [80/200 (40%)]	acc:0.5969	mcc:0.1712	Loss: 0.681867
2023-12-21 15:40:01,725 - Stock Train Epoch: 4 [90/200 (45%)]	acc:0.5750	mcc:0.1600	Loss: 0.676935
2023-12-21 15:40:01,892 - Stock Train Epoch: 4 [100/200 (50%)]	acc:0.5719	mcc:0.1389	Loss: 0.680491
2023-12-21 15:40:02,057 - Stock Train Epoch: 4 [110/200 (55%)]	acc:0.5391	mcc:0.0785	Loss: 0.682984
2023-12-21 15:40:02,248 - Stock Train Epoch: 4 [120/200 (60%)]	acc:0.5547	mcc:0.1143	Loss: 0.677318
2023-12-21 15:40:02,405 - Stock Train Epoch: 4 [130/200 (65%)]	acc:0.5500	mcc:0.0979	Loss: 0.683271
2023-12-21 15:40:02,576 - Stock Train Epoch: 4 [140/200 (70%)]	acc:0.5547	mcc:0.1061	Loss: 0.678690
2023-12-21 15:40:02,731 - Stock Train Epoch: 4 [150/200 (75%)]	acc:0.5469	mcc:0.1026	Loss: 0.681343
2023-12-21 15:40:02,910 - Stock Train Epoch: 4 [160/200 (80%)]	acc:0.5031	mcc:0.0711	Loss: 0.691294
2023-12-21 15:40:03,063 - Stock Train Epoch: 4 [170/200 (85%)]	acc:0.5922	mcc:0.1734	Loss: 0.677705
2023-12-21 15:40:03,269 - Stock Train Epoch: 4 [180/200 (90%)]	acc:0.5766	mcc:0.1617	Loss: 0.681696
2023-12-21 15:40:03,428 - Stock Train Epoch: 4 [190/200 (95%)]	acc:0.5906	mcc:0.1763	Loss: 0.673639
2023-12-21 15:40:03,588 -  ====> Stock Training Set: Average loss: 0.6812	 Average acc: 0.5570	 Var acc: 0.0007	 Average mcc: 0.1084	 Var mcc:0.0019

2023-12-21 15:40:03,588 - ********* start stock validation *********
2023-12-21 15:40:03,855 - ===>Stock Validation set: Average loss: 0.6814	Accuracy:0.5571	 MCC:0.1134

2023-12-21 15:40:03,855 - ********* start stock training *********
2023-12-21 15:40:03,871 - Stock Train Epoch: 5 [0/200 (0%)]	acc:0.5672	mcc:0.1323	Loss: 0.680570
2023-12-21 15:40:04,129 - Stock Train Epoch: 5 [10/200 (5%)]	acc:0.5312	mcc:0.0650	Loss: 0.685718
2023-12-21 15:40:04,289 - Stock Train Epoch: 5 [20/200 (10%)]	acc:0.5500	mcc:0.0999	Loss: 0.687455
2023-12-21 15:40:04,471 - Stock Train Epoch: 5 [30/200 (15%)]	acc:0.5563	mcc:0.1122	Loss: 0.677022
2023-12-21 15:40:04,620 - Stock Train Epoch: 5 [40/200 (20%)]	acc:0.5984	mcc:0.1861	Loss: 0.677352
2023-12-21 15:40:04,796 - Stock Train Epoch: 5 [50/200 (25%)]	acc:0.5297	mcc:0.0565	Loss: 0.689480
2023-12-21 15:40:04,958 - Stock Train Epoch: 5 [60/200 (30%)]	acc:0.5875	mcc:0.1707	Loss: 0.672501
2023-12-21 15:40:05,144 - Stock Train Epoch: 5 [70/200 (35%)]	acc:0.5500	mcc:0.1013	Loss: 0.681019
2023-12-21 15:40:05,305 - Stock Train Epoch: 5 [80/200 (40%)]	acc:0.5094	mcc:0.0382	Loss: 0.685499
2023-12-21 15:40:05,464 - Stock Train Epoch: 5 [90/200 (45%)]	acc:0.5859	mcc:0.1005	Loss: 0.667724
2023-12-21 15:40:05,608 - Stock Train Epoch: 5 [100/200 (50%)]	acc:0.5625	mcc:0.0798	Loss: 0.686656
2023-12-21 15:40:05,794 - Stock Train Epoch: 5 [110/200 (55%)]	acc:0.5875	mcc:0.1670	Loss: 0.681129
2023-12-21 15:40:05,951 - Stock Train Epoch: 5 [120/200 (60%)]	acc:0.5828	mcc:0.1615	Loss: 0.676808
2023-12-21 15:40:06,118 - Stock Train Epoch: 5 [130/200 (65%)]	acc:0.5500	mcc:0.0622	Loss: 0.685146
2023-12-21 15:40:06,300 - Stock Train Epoch: 5 [140/200 (70%)]	acc:0.5781	mcc:0.1591	Loss: 0.678489
2023-12-21 15:40:06,687 - Stock Train Epoch: 5 [150/200 (75%)]	acc:0.5734	mcc:0.1519	Loss: 0.673304
2023-12-21 15:40:06,831 - Stock Train Epoch: 5 [160/200 (80%)]	acc:0.5516	mcc:0.0869	Loss: 0.679834
2023-12-21 15:40:07,002 - Stock Train Epoch: 5 [170/200 (85%)]	acc:0.5781	mcc:0.1466	Loss: 0.670391
2023-12-21 15:40:07,151 - Stock Train Epoch: 5 [180/200 (90%)]	acc:0.5719	mcc:0.1360	Loss: 0.677683
2023-12-21 15:40:07,309 - Stock Train Epoch: 5 [190/200 (95%)]	acc:0.5844	mcc:0.1760	Loss: 0.676741
2023-12-21 15:40:07,450 -  ====> Stock Training Set: Average loss: 0.6792	 Average acc: 0.5605	 Var acc: 0.0006	 Average mcc: 0.1120	 Var mcc:0.0019

2023-12-21 15:40:07,450 - ********* start stock validation *********
2023-12-21 15:40:07,807 - ===>Stock Validation set: Average loss: 0.6808	Accuracy:0.5577	 MCC:0.1134

2023-12-21 15:40:07,807 - ********* start stock training *********
2023-12-21 15:40:07,821 - Stock Train Epoch: 6 [0/200 (0%)]	acc:0.5531	mcc:0.0852	Loss: 0.681621
2023-12-21 15:40:07,977 - Stock Train Epoch: 6 [10/200 (5%)]	acc:0.5781	mcc:0.1237	Loss: 0.674798
2023-12-21 15:40:08,292 - Stock Train Epoch: 6 [20/200 (10%)]	acc:0.5766	mcc:0.1302	Loss: 0.680653
2023-12-21 15:40:08,443 - Stock Train Epoch: 6 [30/200 (15%)]	acc:0.5938	mcc:0.1594	Loss: 0.669234
2023-12-21 15:40:08,605 - Stock Train Epoch: 6 [40/200 (20%)]	acc:0.5891	mcc:0.1648	Loss: 0.668970
2023-12-21 15:40:08,753 - Stock Train Epoch: 6 [50/200 (25%)]	acc:0.5703	mcc:0.1390	Loss: 0.677537
2023-12-21 15:40:08,908 - Stock Train Epoch: 6 [60/200 (30%)]	acc:0.5703	mcc:0.1298	Loss: 0.677312
2023-12-21 15:40:09,047 - Stock Train Epoch: 6 [70/200 (35%)]	acc:0.5266	mcc:0.1203	Loss: 0.683170
2023-12-21 15:40:09,211 - Stock Train Epoch: 6 [80/200 (40%)]	acc:0.5109	mcc:0.0370	Loss: 0.691091
2023-12-21 15:40:09,365 - Stock Train Epoch: 6 [90/200 (45%)]	acc:0.5953	mcc:0.1621	Loss: 0.673620
2023-12-21 15:40:09,539 - Stock Train Epoch: 6 [100/200 (50%)]	acc:0.4922	mcc:-0.0086	Loss: 0.696668
2023-12-21 15:40:09,705 - Stock Train Epoch: 6 [110/200 (55%)]	acc:0.5750	mcc:0.0879	Loss: 0.666962
2023-12-21 15:40:09,877 - Stock Train Epoch: 6 [120/200 (60%)]	acc:0.5656	mcc:0.1234	Loss: 0.667047
2023-12-21 15:40:10,031 - Stock Train Epoch: 6 [130/200 (65%)]	acc:0.5906	mcc:0.1719	Loss: 0.674144
2023-12-21 15:40:10,204 - Stock Train Epoch: 6 [140/200 (70%)]	acc:0.5813	mcc:0.1458	Loss: 0.680038
2023-12-21 15:40:10,360 - Stock Train Epoch: 6 [150/200 (75%)]	acc:0.5859	mcc:0.1755	Loss: 0.674610
2023-12-21 15:40:10,548 - Stock Train Epoch: 6 [160/200 (80%)]	acc:0.5594	mcc:0.1129	Loss: 0.679010
2023-12-21 15:40:10,700 - Stock Train Epoch: 6 [170/200 (85%)]	acc:0.5344	mcc:0.0932	Loss: 0.680752
2023-12-21 15:40:10,893 - Stock Train Epoch: 6 [180/200 (90%)]	acc:0.5625	mcc:0.1524	Loss: 0.678546
2023-12-21 15:40:11,052 - Stock Train Epoch: 6 [190/200 (95%)]	acc:0.5203	mcc:0.0561	Loss: 0.688604
2023-12-21 15:40:11,215 -  ====> Stock Training Set: Average loss: 0.6782	 Average acc: 0.5627	 Var acc: 0.0007	 Average mcc: 0.1165	 Var mcc:0.0019

2023-12-21 15:40:11,215 - ********* start stock validation *********
2023-12-21 15:40:11,635 - ===>Stock Validation set: Average loss: 0.6787	Accuracy:0.5592	 MCC:0.1163

2023-12-21 15:40:11,635 - ********* start stock training *********
2023-12-21 15:40:11,650 - Stock Train Epoch: 7 [0/200 (0%)]	acc:0.5219	mcc:0.0317	Loss: 0.684339
2023-12-21 15:40:11,802 - Stock Train Epoch: 7 [10/200 (5%)]	acc:0.5672	mcc:0.1160	Loss: 0.678462
2023-12-21 15:40:11,993 - Stock Train Epoch: 7 [20/200 (10%)]	acc:0.5953	mcc:0.1958	Loss: 0.678253
2023-12-21 15:40:12,130 - Stock Train Epoch: 7 [30/200 (15%)]	acc:0.5687	mcc:0.1025	Loss: 0.678191
2023-12-21 15:40:12,296 - Stock Train Epoch: 7 [40/200 (20%)]	acc:0.5719	mcc:0.1317	Loss: 0.680291
2023-12-21 15:40:12,444 - Stock Train Epoch: 7 [50/200 (25%)]	acc:0.5594	mcc:0.1342	Loss: 0.679968
2023-12-21 15:40:12,598 - Stock Train Epoch: 7 [60/200 (30%)]	acc:0.5672	mcc:0.1140	Loss: 0.673305
2023-12-21 15:40:12,737 - Stock Train Epoch: 7 [70/200 (35%)]	acc:0.6172	mcc:0.1525	Loss: 0.669903
2023-12-21 15:40:12,901 - Stock Train Epoch: 7 [80/200 (40%)]	acc:0.5687	mcc:0.1353	Loss: 0.680576
2023-12-21 15:40:13,044 - Stock Train Epoch: 7 [90/200 (45%)]	acc:0.5672	mcc:0.0665	Loss: 0.675723
2023-12-21 15:40:13,209 - Stock Train Epoch: 7 [100/200 (50%)]	acc:0.5953	mcc:0.1113	Loss: 0.663291
2023-12-21 15:40:13,397 - Stock Train Epoch: 7 [110/200 (55%)]	acc:0.5500	mcc:0.0987	Loss: 0.687194
2023-12-21 15:40:13,551 - Stock Train Epoch: 7 [120/200 (60%)]	acc:0.5594	mcc:0.0127	Loss: 0.669042
2023-12-21 15:40:13,694 - Stock Train Epoch: 7 [130/200 (65%)]	acc:0.5563	mcc:0.0760	Loss: 0.680443
2023-12-21 15:40:13,869 - Stock Train Epoch: 7 [140/200 (70%)]	acc:0.5859	mcc:0.1712	Loss: 0.670351
2023-12-21 15:40:14,026 - Stock Train Epoch: 7 [150/200 (75%)]	acc:0.5641	mcc:0.0894	Loss: 0.681539
2023-12-21 15:40:14,183 - Stock Train Epoch: 7 [160/200 (80%)]	acc:0.5938	mcc:0.1245	Loss: 0.672688
2023-12-21 15:40:14,334 - Stock Train Epoch: 7 [170/200 (85%)]	acc:0.5687	mcc:0.1308	Loss: 0.676226
2023-12-21 15:40:14,508 - Stock Train Epoch: 7 [180/200 (90%)]	acc:0.5594	mcc:0.1262	Loss: 0.672316
2023-12-21 15:40:14,666 - Stock Train Epoch: 7 [190/200 (95%)]	acc:0.5594	mcc:0.1077	Loss: 0.680496
2023-12-21 15:40:14,816 -  ====> Stock Training Set: Average loss: 0.6776	 Average acc: 0.5635	 Var acc: 0.0006	 Average mcc: 0.1186	 Var mcc:0.0018

2023-12-21 15:40:14,817 - ********* start stock validation *********
2023-12-21 15:40:15,179 - ===>Stock Validation set: Average loss: 0.6782	Accuracy:0.5600	 MCC:0.1182

2023-12-21 15:40:15,179 - ********* start stock training *********
2023-12-21 15:40:15,195 - Stock Train Epoch: 8 [0/200 (0%)]	acc:0.5672	mcc:0.1320	Loss: 0.674875
2023-12-21 15:40:15,353 - Stock Train Epoch: 8 [10/200 (5%)]	acc:0.5516	mcc:0.0823	Loss: 0.681352
2023-12-21 15:40:15,540 - Stock Train Epoch: 8 [20/200 (10%)]	acc:0.5797	mcc:0.1502	Loss: 0.679852
2023-12-21 15:40:15,694 - Stock Train Epoch: 8 [30/200 (15%)]	acc:0.5391	mcc:0.0897	Loss: 0.676880
2023-12-21 15:40:15,852 - Stock Train Epoch: 8 [40/200 (20%)]	acc:0.5938	mcc:0.1094	Loss: 0.660524
2023-12-21 15:40:15,990 - Stock Train Epoch: 8 [50/200 (25%)]	acc:0.5594	mcc:0.1177	Loss: 0.681939
2023-12-21 15:40:16,148 - Stock Train Epoch: 8 [60/200 (30%)]	acc:0.5672	mcc:0.1159	Loss: 0.673522
2023-12-21 15:40:16,293 - Stock Train Epoch: 8 [70/200 (35%)]	acc:0.5750	mcc:0.1241	Loss: 0.676612
2023-12-21 15:40:16,453 - Stock Train Epoch: 8 [80/200 (40%)]	acc:0.5703	mcc:0.1363	Loss: 0.682382
2023-12-21 15:40:16,599 - Stock Train Epoch: 8 [90/200 (45%)]	acc:0.5391	mcc:0.0842	Loss: 0.683873
2023-12-21 15:40:16,767 - Stock Train Epoch: 8 [100/200 (50%)]	acc:0.5906	mcc:0.1842	Loss: 0.677209
2023-12-21 15:40:16,905 - Stock Train Epoch: 8 [110/200 (55%)]	acc:0.5500	mcc:0.1024	Loss: 0.685886
2023-12-21 15:40:17,060 - Stock Train Epoch: 8 [120/200 (60%)]	acc:0.5734	mcc:0.1381	Loss: 0.675272
2023-12-21 15:40:17,200 - Stock Train Epoch: 8 [130/200 (65%)]	acc:0.5719	mcc:0.1360	Loss: 0.684427
2023-12-21 15:40:17,356 - Stock Train Epoch: 8 [140/200 (70%)]	acc:0.5922	mcc:0.1727	Loss: 0.673334
2023-12-21 15:40:17,510 - Stock Train Epoch: 8 [150/200 (75%)]	acc:0.5578	mcc:0.1153	Loss: 0.678880
2023-12-21 15:40:17,688 - Stock Train Epoch: 8 [160/200 (80%)]	acc:0.5609	mcc:0.1168	Loss: 0.678460
2023-12-21 15:40:17,852 - Stock Train Epoch: 8 [170/200 (85%)]	acc:0.5656	mcc:0.1311	Loss: 0.682122
2023-12-21 15:40:18,022 - Stock Train Epoch: 8 [180/200 (90%)]	acc:0.5641	mcc:0.1267	Loss: 0.669108
2023-12-21 15:40:18,174 - Stock Train Epoch: 8 [190/200 (95%)]	acc:0.5625	mcc:0.1188	Loss: 0.677179
2023-12-21 15:40:18,333 -  ====> Stock Training Set: Average loss: 0.6770	 Average acc: 0.5634	 Var acc: 0.0006	 Average mcc: 0.1178	 Var mcc:0.0021

2023-12-21 15:40:18,334 - ********* start stock validation *********
2023-12-21 15:40:18,704 - ===>Stock Validation set: Average loss: 0.6780	Accuracy:0.5610	 MCC:0.1204

2023-12-21 15:40:18,704 - ********* start stock training *********
2023-12-21 15:40:18,720 - Stock Train Epoch: 9 [0/200 (0%)]	acc:0.5250	mcc:0.0692	Loss: 0.691584
2023-12-21 15:40:18,874 - Stock Train Epoch: 9 [10/200 (5%)]	acc:0.6062	mcc:0.2071	Loss: 0.666710
2023-12-21 15:40:19,052 - Stock Train Epoch: 9 [20/200 (10%)]	acc:0.5656	mcc:0.1299	Loss: 0.680605
2023-12-21 15:40:19,201 - Stock Train Epoch: 9 [30/200 (15%)]	acc:0.5656	mcc:0.1064	Loss: 0.676430
2023-12-21 15:40:19,347 - Stock Train Epoch: 9 [40/200 (20%)]	acc:0.5016	mcc:0.0158	Loss: 0.691923
2023-12-21 15:40:19,486 - Stock Train Epoch: 9 [50/200 (25%)]	acc:0.5594	mcc:0.1180	Loss: 0.674901
2023-12-21 15:40:19,657 - Stock Train Epoch: 9 [60/200 (30%)]	acc:0.5641	mcc:0.1304	Loss: 0.673996
2023-12-21 15:40:19,812 - Stock Train Epoch: 9 [70/200 (35%)]	acc:0.5703	mcc:0.1143	Loss: 0.670197
2023-12-21 15:40:19,962 - Stock Train Epoch: 9 [80/200 (40%)]	acc:0.5609	mcc:0.1216	Loss: 0.677467
2023-12-21 15:40:20,105 - Stock Train Epoch: 9 [90/200 (45%)]	acc:0.5453	mcc:0.0845	Loss: 0.685217
2023-12-21 15:40:20,265 - Stock Train Epoch: 9 [100/200 (50%)]	acc:0.5641	mcc:0.1521	Loss: 0.680167
2023-12-21 15:40:20,407 - Stock Train Epoch: 9 [110/200 (55%)]	acc:0.5984	mcc:0.1704	Loss: 0.672813
2023-12-21 15:40:20,579 - Stock Train Epoch: 9 [120/200 (60%)]	acc:0.5188	mcc:0.0472	Loss: 0.684829
2023-12-21 15:40:20,729 - Stock Train Epoch: 9 [130/200 (65%)]	acc:0.5641	mcc:0.1199	Loss: 0.672115
2023-12-21 15:40:20,903 - Stock Train Epoch: 9 [140/200 (70%)]	acc:0.5578	mcc:0.0966	Loss: 0.672519
2023-12-21 15:40:21,064 - Stock Train Epoch: 9 [150/200 (75%)]	acc:0.5672	mcc:0.0611	Loss: 0.664200
2023-12-21 15:40:21,248 - Stock Train Epoch: 9 [160/200 (80%)]	acc:0.5609	mcc:0.1164	Loss: 0.674562
2023-12-21 15:40:21,427 - Stock Train Epoch: 9 [170/200 (85%)]	acc:0.5266	mcc:0.0708	Loss: 0.678896
2023-12-21 15:40:21,600 - Stock Train Epoch: 9 [180/200 (90%)]	acc:0.5719	mcc:0.1112	Loss: 0.665526
2023-12-21 15:40:21,767 - Stock Train Epoch: 9 [190/200 (95%)]	acc:0.5719	mcc:0.1316	Loss: 0.665665
2023-12-21 15:40:21,922 -  ====> Stock Training Set: Average loss: 0.6766	 Average acc: 0.5656	 Var acc: 0.0007	 Average mcc: 0.1222	 Var mcc:0.0020

2023-12-21 15:40:21,923 - ********* start stock validation *********
2023-12-21 15:40:22,182 - ===>Stock Validation set: Average loss: 0.6775	Accuracy:0.5608	 MCC:0.1204

2023-12-21 15:40:22,183 - ********* start stock training *********
2023-12-21 15:40:22,196 - Stock Train Epoch: 10 [0/200 (0%)]	acc:0.5766	mcc:0.1135	Loss: 0.679468
2023-12-21 15:40:22,339 - Stock Train Epoch: 10 [10/200 (5%)]	acc:0.5672	mcc:0.1317	Loss: 0.673661
2023-12-21 15:40:22,506 - Stock Train Epoch: 10 [20/200 (10%)]	acc:0.5547	mcc:0.1091	Loss: 0.674028
2023-12-21 15:40:22,652 - Stock Train Epoch: 10 [30/200 (15%)]	acc:0.5687	mcc:0.1060	Loss: 0.668403
2023-12-21 15:40:22,813 - Stock Train Epoch: 10 [40/200 (20%)]	acc:0.5797	mcc:0.1317	Loss: 0.669500
2023-12-21 15:40:22,954 - Stock Train Epoch: 10 [50/200 (25%)]	acc:0.5500	mcc:0.0938	Loss: 0.679636
2023-12-21 15:40:23,114 - Stock Train Epoch: 10 [60/200 (30%)]	acc:0.6156	mcc:0.2245	Loss: 0.667010
2023-12-21 15:40:23,276 - Stock Train Epoch: 10 [70/200 (35%)]	acc:0.5469	mcc:0.0781	Loss: 0.684793
2023-12-21 15:40:23,432 - Stock Train Epoch: 10 [80/200 (40%)]	acc:0.5859	mcc:0.1622	Loss: 0.674858
2023-12-21 15:40:23,571 - Stock Train Epoch: 10 [90/200 (45%)]	acc:0.5813	mcc:0.1279	Loss: 0.671502
2023-12-21 15:40:23,728 - Stock Train Epoch: 10 [100/200 (50%)]	acc:0.5219	mcc:0.0390	Loss: 0.689108
2023-12-21 15:40:23,873 - Stock Train Epoch: 10 [110/200 (55%)]	acc:0.5547	mcc:0.1029	Loss: 0.677740
2023-12-21 15:40:24,034 - Stock Train Epoch: 10 [120/200 (60%)]	acc:0.6094	mcc:0.1318	Loss: 0.659618
2023-12-21 15:40:24,191 - Stock Train Epoch: 10 [130/200 (65%)]	acc:0.5656	mcc:0.0949	Loss: 0.679938
2023-12-21 15:40:24,365 - Stock Train Epoch: 10 [140/200 (70%)]	acc:0.5891	mcc:0.1658	Loss: 0.673386
2023-12-21 15:40:24,518 - Stock Train Epoch: 10 [150/200 (75%)]	acc:0.5625	mcc:0.0957	Loss: 0.676453
2023-12-21 15:40:24,683 - Stock Train Epoch: 10 [160/200 (80%)]	acc:0.5516	mcc:0.0933	Loss: 0.682295
2023-12-21 15:40:24,835 - Stock Train Epoch: 10 [170/200 (85%)]	acc:0.5625	mcc:0.1250	Loss: 0.672125
2023-12-21 15:40:25,005 - Stock Train Epoch: 10 [180/200 (90%)]	acc:0.5828	mcc:0.1560	Loss: 0.678137
2023-12-21 15:40:25,164 - Stock Train Epoch: 10 [190/200 (95%)]	acc:0.5141	mcc:0.0422	Loss: 0.690732
2023-12-21 15:40:25,322 -  ====> Stock Training Set: Average loss: 0.6762	 Average acc: 0.5658	 Var acc: 0.0007	 Average mcc: 0.1228	 Var mcc:0.0021

2023-12-21 15:40:25,322 - ********* start stock validation *********
2023-12-21 15:40:25,583 - ===>Stock Validation set: Average loss: 0.6776	Accuracy:0.5612	 MCC:0.1222

2023-12-21 15:40:25,583 - ********* start stock training *********
2023-12-21 15:40:25,595 - Stock Train Epoch: 11 [0/200 (0%)]	acc:0.5234	mcc:0.0661	Loss: 0.678687
2023-12-21 15:40:25,751 - Stock Train Epoch: 11 [10/200 (5%)]	acc:0.5719	mcc:0.1182	Loss: 0.670459
2023-12-21 15:40:25,926 - Stock Train Epoch: 11 [20/200 (10%)]	acc:0.5516	mcc:0.1012	Loss: 0.683804
2023-12-21 15:40:26,073 - Stock Train Epoch: 11 [30/200 (15%)]	acc:0.5797	mcc:0.1573	Loss: 0.675492
2023-12-21 15:40:26,247 - Stock Train Epoch: 11 [40/200 (20%)]	acc:0.5500	mcc:0.1158	Loss: 0.685600
2023-12-21 15:40:26,391 - Stock Train Epoch: 11 [50/200 (25%)]	acc:0.5813	mcc:0.1627	Loss: 0.671309
2023-12-21 15:40:26,556 - Stock Train Epoch: 11 [60/200 (30%)]	acc:0.5516	mcc:0.1100	Loss: 0.676407
2023-12-21 15:40:26,701 - Stock Train Epoch: 11 [70/200 (35%)]	acc:0.5453	mcc:0.0392	Loss: 0.680284
2023-12-21 15:40:26,855 - Stock Train Epoch: 11 [80/200 (40%)]	acc:0.5672	mcc:0.1137	Loss: 0.684368
2023-12-21 15:40:27,004 - Stock Train Epoch: 11 [90/200 (45%)]	acc:0.5906	mcc:0.1406	Loss: 0.668874
2023-12-21 15:40:27,171 - Stock Train Epoch: 11 [100/200 (50%)]	acc:0.5406	mcc:0.0499	Loss: 0.676270
2023-12-21 15:40:27,312 - Stock Train Epoch: 11 [110/200 (55%)]	acc:0.6000	mcc:0.1222	Loss: 0.661778
2023-12-21 15:40:27,489 - Stock Train Epoch: 11 [120/200 (60%)]	acc:0.5516	mcc:0.1032	Loss: 0.675458
2023-12-21 15:40:27,644 - Stock Train Epoch: 11 [130/200 (65%)]	acc:0.5500	mcc:0.0898	Loss: 0.677980
2023-12-21 15:40:27,820 - Stock Train Epoch: 11 [140/200 (70%)]	acc:0.5578	mcc:0.1054	Loss: 0.671194
2023-12-21 15:40:27,975 - Stock Train Epoch: 11 [150/200 (75%)]	acc:0.5953	mcc:0.1838	Loss: 0.670124
2023-12-21 15:40:28,148 - Stock Train Epoch: 11 [160/200 (80%)]	acc:0.5625	mcc:0.1282	Loss: 0.670979
2023-12-21 15:40:28,298 - Stock Train Epoch: 11 [170/200 (85%)]	acc:0.5547	mcc:0.1062	Loss: 0.679974
2023-12-21 15:40:28,457 - Stock Train Epoch: 11 [180/200 (90%)]	acc:0.5844	mcc:0.1557	Loss: 0.674018
2023-12-21 15:40:28,615 - Stock Train Epoch: 11 [190/200 (95%)]	acc:0.5813	mcc:0.1589	Loss: 0.674679
2023-12-21 15:40:28,771 -  ====> Stock Training Set: Average loss: 0.6760	 Average acc: 0.5658	 Var acc: 0.0007	 Average mcc: 0.1234	 Var mcc:0.0021

2023-12-21 15:40:28,772 - ********* start stock validation *********
2023-12-21 15:40:29,151 - ===>Stock Validation set: Average loss: 0.6769	Accuracy:0.5624	 MCC:0.1236

2023-12-21 15:40:29,151 - ********* start stock training *********
2023-12-21 15:40:29,167 - Stock Train Epoch: 12 [0/200 (0%)]	acc:0.5828	mcc:0.1726	Loss: 0.666552
2023-12-21 15:40:29,323 - Stock Train Epoch: 12 [10/200 (5%)]	acc:0.5766	mcc:0.1608	Loss: 0.672759
2023-12-21 15:40:29,499 - Stock Train Epoch: 12 [20/200 (10%)]	acc:0.6047	mcc:0.1816	Loss: 0.661486
2023-12-21 15:40:29,646 - Stock Train Epoch: 12 [30/200 (15%)]	acc:0.5766	mcc:0.1579	Loss: 0.673399
2023-12-21 15:40:29,802 - Stock Train Epoch: 12 [40/200 (20%)]	acc:0.5344	mcc:0.0718	Loss: 0.682419
2023-12-21 15:40:29,965 - Stock Train Epoch: 12 [50/200 (25%)]	acc:0.5734	mcc:0.1383	Loss: 0.677085
2023-12-21 15:40:30,122 - Stock Train Epoch: 12 [60/200 (30%)]	acc:0.5922	mcc:0.1730	Loss: 0.676679
2023-12-21 15:40:30,273 - Stock Train Epoch: 12 [70/200 (35%)]	acc:0.5953	mcc:0.1795	Loss: 0.677462
2023-12-21 15:40:30,435 - Stock Train Epoch: 12 [80/200 (40%)]	acc:0.5437	mcc:0.0837	Loss: 0.683751
2023-12-21 15:40:30,584 - Stock Train Epoch: 12 [90/200 (45%)]	acc:0.5828	mcc:0.1466	Loss: 0.675193
2023-12-21 15:40:30,825 - Stock Train Epoch: 12 [100/200 (50%)]	acc:0.6016	mcc:0.1280	Loss: 0.665935
2023-12-21 15:40:30,968 - Stock Train Epoch: 12 [110/200 (55%)]	acc:0.5734	mcc:0.1345	Loss: 0.670827
2023-12-21 15:40:31,155 - Stock Train Epoch: 12 [120/200 (60%)]	acc:0.5594	mcc:0.1116	Loss: 0.673712
2023-12-21 15:40:31,303 - Stock Train Epoch: 12 [130/200 (65%)]	acc:0.6016	mcc:0.1726	Loss: 0.667225
2023-12-21 15:40:31,474 - Stock Train Epoch: 12 [140/200 (70%)]	acc:0.5734	mcc:0.1401	Loss: 0.673720
2023-12-21 15:40:31,634 - Stock Train Epoch: 12 [150/200 (75%)]	acc:0.5906	mcc:0.1803	Loss: 0.672215
2023-12-21 15:40:31,807 - Stock Train Epoch: 12 [160/200 (80%)]	acc:0.5266	mcc:0.0718	Loss: 0.688235
2023-12-21 15:40:31,958 - Stock Train Epoch: 12 [170/200 (85%)]	acc:0.5672	mcc:0.1503	Loss: 0.674168
2023-12-21 15:40:32,126 - Stock Train Epoch: 12 [180/200 (90%)]	acc:0.5781	mcc:0.1228	Loss: 0.669835
2023-12-21 15:40:32,284 - Stock Train Epoch: 12 [190/200 (95%)]	acc:0.5844	mcc:0.1652	Loss: 0.677933
2023-12-21 15:40:32,451 -  ====> Stock Training Set: Average loss: 0.6757	 Average acc: 0.5664	 Var acc: 0.0007	 Average mcc: 0.1239	 Var mcc:0.0021

2023-12-21 15:40:32,451 - ********* start stock validation *********
2023-12-21 15:40:32,817 - ===>Stock Validation set: Average loss: 0.6765	Accuracy:0.5652	 MCC:0.1287

2023-12-21 15:40:32,817 - ********* start stock training *********
2023-12-21 15:40:32,832 - Stock Train Epoch: 13 [0/200 (0%)]	acc:0.5281	mcc:0.0678	Loss: 0.690513
2023-12-21 15:40:32,988 - Stock Train Epoch: 13 [10/200 (5%)]	acc:0.5594	mcc:0.0808	Loss: 0.665345
2023-12-21 15:40:33,181 - Stock Train Epoch: 13 [20/200 (10%)]	acc:0.5938	mcc:0.1766	Loss: 0.672298
2023-12-21 15:40:33,325 - Stock Train Epoch: 13 [30/200 (15%)]	acc:0.5672	mcc:0.1196	Loss: 0.684103
2023-12-21 15:40:33,483 - Stock Train Epoch: 13 [40/200 (20%)]	acc:0.6016	mcc:0.1593	Loss: 0.668013
2023-12-21 15:40:33,626 - Stock Train Epoch: 13 [50/200 (25%)]	acc:0.5484	mcc:0.0820	Loss: 0.679020
2023-12-21 15:40:33,785 - Stock Train Epoch: 13 [60/200 (30%)]	acc:0.5484	mcc:0.0923	Loss: 0.678880
2023-12-21 15:40:33,925 - Stock Train Epoch: 13 [70/200 (35%)]	acc:0.5938	mcc:0.1873	Loss: 0.671633
2023-12-21 15:40:34,087 - Stock Train Epoch: 13 [80/200 (40%)]	acc:0.5656	mcc:0.1050	Loss: 0.669569
2023-12-21 15:40:34,237 - Stock Train Epoch: 13 [90/200 (45%)]	acc:0.5375	mcc:0.0542	Loss: 0.686955
2023-12-21 15:40:34,389 - Stock Train Epoch: 13 [100/200 (50%)]	acc:0.5969	mcc:0.1719	Loss: 0.665019
2023-12-21 15:40:34,530 - Stock Train Epoch: 13 [110/200 (55%)]	acc:0.5734	mcc:0.1475	Loss: 0.674203
2023-12-21 15:40:34,691 - Stock Train Epoch: 13 [120/200 (60%)]	acc:0.5844	mcc:0.1660	Loss: 0.674059
2023-12-21 15:40:34,840 - Stock Train Epoch: 13 [130/200 (65%)]	acc:0.5719	mcc:0.1098	Loss: 0.677777
2023-12-21 15:40:34,995 - Stock Train Epoch: 13 [140/200 (70%)]	acc:0.6016	mcc:0.1972	Loss: 0.664308
2023-12-21 15:40:35,141 - Stock Train Epoch: 13 [150/200 (75%)]	acc:0.5813	mcc:0.1496	Loss: 0.670703
2023-12-21 15:40:35,307 - Stock Train Epoch: 13 [160/200 (80%)]	acc:0.5719	mcc:0.1711	Loss: 0.662164
2023-12-21 15:40:35,462 - Stock Train Epoch: 13 [170/200 (85%)]	acc:0.5703	mcc:0.1426	Loss: 0.670931
2023-12-21 15:40:35,636 - Stock Train Epoch: 13 [180/200 (90%)]	acc:0.5281	mcc:0.0877	Loss: 0.679833
2023-12-21 15:40:35,784 - Stock Train Epoch: 13 [190/200 (95%)]	acc:0.5687	mcc:0.1250	Loss: 0.678822
2023-12-21 15:40:35,936 -  ====> Stock Training Set: Average loss: 0.6755	 Average acc: 0.5667	 Var acc: 0.0007	 Average mcc: 0.1253	 Var mcc:0.0020

2023-12-21 15:40:35,936 - ********* start stock validation *********
2023-12-21 15:40:36,304 - ===>Stock Validation set: Average loss: 0.6769	Accuracy:0.5649	 MCC:0.1296

2023-12-21 15:40:36,304 - ********* start stock training *********
2023-12-21 15:40:36,318 - Stock Train Epoch: 14 [0/200 (0%)]	acc:0.5797	mcc:0.1643	Loss: 0.665576
2023-12-21 15:40:36,467 - Stock Train Epoch: 14 [10/200 (5%)]	acc:0.5766	mcc:0.1404	Loss: 0.682328
2023-12-21 15:40:36,659 - Stock Train Epoch: 14 [20/200 (10%)]	acc:0.5813	mcc:0.1606	Loss: 0.673261
2023-12-21 15:40:36,798 - Stock Train Epoch: 14 [30/200 (15%)]	acc:0.6234	mcc:0.1823	Loss: 0.656901
2023-12-21 15:40:36,954 - Stock Train Epoch: 14 [40/200 (20%)]	acc:0.6000	mcc:0.1703	Loss: 0.664347
2023-12-21 15:40:37,102 - Stock Train Epoch: 14 [50/200 (25%)]	acc:0.6016	mcc:0.1821	Loss: 0.670209
2023-12-21 15:40:37,255 - Stock Train Epoch: 14 [60/200 (30%)]	acc:0.5703	mcc:0.1264	Loss: 0.675162
2023-12-21 15:40:37,394 - Stock Train Epoch: 14 [70/200 (35%)]	acc:0.5953	mcc:0.1871	Loss: 0.672231
2023-12-21 15:40:37,560 - Stock Train Epoch: 14 [80/200 (40%)]	acc:0.5563	mcc:0.1193	Loss: 0.680279
2023-12-21 15:40:37,700 - Stock Train Epoch: 14 [90/200 (45%)]	acc:0.5234	mcc:0.0643	Loss: 0.677797
2023-12-21 15:40:37,866 - Stock Train Epoch: 14 [100/200 (50%)]	acc:0.6141	mcc:0.1122	Loss: 0.649832
2023-12-21 15:40:38,025 - Stock Train Epoch: 14 [110/200 (55%)]	acc:0.5594	mcc:0.1070	Loss: 0.681742
2023-12-21 15:40:38,189 - Stock Train Epoch: 14 [120/200 (60%)]	acc:0.5875	mcc:0.1726	Loss: 0.671033
2023-12-21 15:40:38,332 - Stock Train Epoch: 14 [130/200 (65%)]	acc:0.5781	mcc:0.1260	Loss: 0.665394
2023-12-21 15:40:38,501 - Stock Train Epoch: 14 [140/200 (70%)]	acc:0.5844	mcc:0.1571	Loss: 0.674859
2023-12-21 15:40:38,651 - Stock Train Epoch: 14 [150/200 (75%)]	acc:0.5391	mcc:0.0816	Loss: 0.675358
2023-12-21 15:40:38,817 - Stock Train Epoch: 14 [160/200 (80%)]	acc:0.5813	mcc:0.1869	Loss: 0.676848
2023-12-21 15:40:38,966 - Stock Train Epoch: 14 [170/200 (85%)]	acc:0.5672	mcc:0.1351	Loss: 0.670369
2023-12-21 15:40:39,148 - Stock Train Epoch: 14 [180/200 (90%)]	acc:0.5609	mcc:0.1227	Loss: 0.670849
2023-12-21 15:40:39,313 - Stock Train Epoch: 14 [190/200 (95%)]	acc:0.5969	mcc:0.1703	Loss: 0.666366
2023-12-21 15:40:39,475 -  ====> Stock Training Set: Average loss: 0.6751	 Average acc: 0.5676	 Var acc: 0.0006	 Average mcc: 0.1272	 Var mcc:0.0020

2023-12-21 15:40:39,475 - ********* start stock validation *********
2023-12-21 15:40:39,841 - ===>Stock Validation set: Average loss: 0.6776	Accuracy:0.5629	 MCC:0.1268

2023-12-21 15:40:39,841 - ********* start stock training *********
2023-12-21 15:40:39,857 - Stock Train Epoch: 15 [0/200 (0%)]	acc:0.5781	mcc:0.1578	Loss: 0.668830
2023-12-21 15:40:40,018 - Stock Train Epoch: 15 [10/200 (5%)]	acc:0.5750	mcc:0.1477	Loss: 0.681971
2023-12-21 15:40:40,208 - Stock Train Epoch: 15 [20/200 (10%)]	acc:0.5578	mcc:0.0557	Loss: 0.674635
2023-12-21 15:40:40,354 - Stock Train Epoch: 15 [30/200 (15%)]	acc:0.5391	mcc:0.0783	Loss: 0.682071
2023-12-21 15:40:40,610 - Stock Train Epoch: 15 [40/200 (20%)]	acc:0.5766	mcc:0.1459	Loss: 0.665049
2023-12-21 15:40:40,764 - Stock Train Epoch: 15 [50/200 (25%)]	acc:0.5891	mcc:0.1671	Loss: 0.670357
2023-12-21 15:40:40,933 - Stock Train Epoch: 15 [60/200 (30%)]	acc:0.5969	mcc:0.1823	Loss: 0.674527
2023-12-21 15:40:41,076 - Stock Train Epoch: 15 [70/200 (35%)]	acc:0.5609	mcc:0.1221	Loss: 0.670907
2023-12-21 15:40:41,263 - Stock Train Epoch: 15 [80/200 (40%)]	acc:0.5297	mcc:0.1096	Loss: 0.683114
2023-12-21 15:40:41,448 - Stock Train Epoch: 15 [90/200 (45%)]	acc:0.4984	mcc:0.0026	Loss: 0.697494
2023-12-21 15:40:41,641 - Stock Train Epoch: 15 [100/200 (50%)]	acc:0.6047	mcc:0.1670	Loss: 0.661088
2023-12-21 15:40:41,790 - Stock Train Epoch: 15 [110/200 (55%)]	acc:0.5687	mcc:0.1399	Loss: 0.670786
2023-12-21 15:40:41,999 - Stock Train Epoch: 15 [120/200 (60%)]	acc:0.5469	mcc:0.1164	Loss: 0.678363
2023-12-21 15:40:42,168 - Stock Train Epoch: 15 [130/200 (65%)]	acc:0.5797	mcc:0.1623	Loss: 0.666328
2023-12-21 15:40:42,403 - Stock Train Epoch: 15 [140/200 (70%)]	acc:0.5422	mcc:0.0848	Loss: 0.673966
2023-12-21 15:40:42,710 - Stock Train Epoch: 15 [150/200 (75%)]	acc:0.5031	mcc:0.0191	Loss: 0.692187
2023-12-21 15:40:42,897 - Stock Train Epoch: 15 [160/200 (80%)]	acc:0.5594	mcc:0.1192	Loss: 0.676247
2023-12-21 15:40:43,067 - Stock Train Epoch: 15 [170/200 (85%)]	acc:0.5266	mcc:0.0703	Loss: 0.677749
2023-12-21 15:40:43,279 - Stock Train Epoch: 15 [180/200 (90%)]	acc:0.5250	mcc:0.0512	Loss: 0.682563
2023-12-21 15:40:43,476 - Stock Train Epoch: 15 [190/200 (95%)]	acc:0.5625	mcc:0.1221	Loss: 0.675445
2023-12-21 15:40:43,646 -  ====> Stock Training Set: Average loss: 0.6748	 Average acc: 0.5683	 Var acc: 0.0007	 Average mcc: 0.1286	 Var mcc:0.0019

2023-12-21 15:40:43,646 - ********* start stock validation *********
2023-12-21 15:40:43,990 - ===>Stock Validation set: Average loss: 0.6759	Accuracy:0.5657	 MCC:0.1304

2023-12-21 15:40:43,990 - ********* start stock training *********
2023-12-21 15:40:44,009 - Stock Train Epoch: 16 [0/200 (0%)]	acc:0.5531	mcc:0.1212	Loss: 0.684509
2023-12-21 15:40:44,282 - Stock Train Epoch: 16 [10/200 (5%)]	acc:0.6031	mcc:0.1234	Loss: 0.660494
2023-12-21 15:40:44,459 - Stock Train Epoch: 16 [20/200 (10%)]	acc:0.5625	mcc:0.1252	Loss: 0.667662
2023-12-21 15:40:44,641 - Stock Train Epoch: 16 [30/200 (15%)]	acc:0.5656	mcc:0.1175	Loss: 0.676969
2023-12-21 15:40:44,784 - Stock Train Epoch: 16 [40/200 (20%)]	acc:0.5859	mcc:0.1584	Loss: 0.676091
2023-12-21 15:40:44,950 - Stock Train Epoch: 16 [50/200 (25%)]	acc:0.5844	mcc:0.1748	Loss: 0.664955
2023-12-21 15:40:45,102 - Stock Train Epoch: 16 [60/200 (30%)]	acc:0.5875	mcc:0.1763	Loss: 0.665383
2023-12-21 15:40:45,262 - Stock Train Epoch: 16 [70/200 (35%)]	acc:0.5344	mcc:0.0621	Loss: 0.682714
2023-12-21 15:40:45,399 - Stock Train Epoch: 16 [80/200 (40%)]	acc:0.5922	mcc:0.1868	Loss: 0.670116
2023-12-21 15:40:45,550 - Stock Train Epoch: 16 [90/200 (45%)]	acc:0.5781	mcc:0.1295	Loss: 0.685025
2023-12-21 15:40:45,697 - Stock Train Epoch: 16 [100/200 (50%)]	acc:0.5938	mcc:0.1839	Loss: 0.671358
2023-12-21 15:40:45,925 - Stock Train Epoch: 16 [110/200 (55%)]	acc:0.5750	mcc:0.1453	Loss: 0.667543
2023-12-21 15:40:46,131 - Stock Train Epoch: 16 [120/200 (60%)]	acc:0.5781	mcc:0.1566	Loss: 0.671678
2023-12-21 15:40:46,336 - Stock Train Epoch: 16 [130/200 (65%)]	acc:0.5281	mcc:0.0567	Loss: 0.682753
2023-12-21 15:40:46,594 - Stock Train Epoch: 16 [140/200 (70%)]	acc:0.6047	mcc:0.1571	Loss: 0.670375
2023-12-21 15:40:46,722 - Stock Train Epoch: 16 [150/200 (75%)]	acc:0.5969	mcc:0.1721	Loss: 0.669913
2023-12-21 15:40:46,857 - Stock Train Epoch: 16 [160/200 (80%)]	acc:0.5328	mcc:0.0925	Loss: 0.682794
2023-12-21 15:40:47,003 - Stock Train Epoch: 16 [170/200 (85%)]	acc:0.5828	mcc:0.1550	Loss: 0.676857
2023-12-21 15:40:47,130 - Stock Train Epoch: 16 [180/200 (90%)]	acc:0.5125	mcc:0.0626	Loss: 0.695852
2023-12-21 15:40:47,254 - Stock Train Epoch: 16 [190/200 (95%)]	acc:0.5047	mcc:0.0131	Loss: 0.697111
2023-12-21 15:40:47,370 -  ====> Stock Training Set: Average loss: 0.6747	 Average acc: 0.5685	 Var acc: 0.0007	 Average mcc: 0.1297	 Var mcc:0.0019

2023-12-21 15:40:47,370 - ********* start stock validation *********
2023-12-21 15:40:47,742 - ===>Stock Validation set: Average loss: 0.6758	Accuracy:0.5659	 MCC:0.1314

2023-12-21 15:40:47,742 - ********* start stock training *********
2023-12-21 15:40:47,758 - Stock Train Epoch: 17 [0/200 (0%)]	acc:0.5578	mcc:0.0038	Loss: 0.671884
2023-12-21 15:40:47,904 - Stock Train Epoch: 17 [10/200 (5%)]	acc:0.5891	mcc:0.1798	Loss: 0.673326
2023-12-21 15:40:48,074 - Stock Train Epoch: 17 [20/200 (10%)]	acc:0.6000	mcc:0.1967	Loss: 0.669329
2023-12-21 15:40:48,218 - Stock Train Epoch: 17 [30/200 (15%)]	acc:0.6000	mcc:0.1964	Loss: 0.670236
2023-12-21 15:40:48,360 - Stock Train Epoch: 17 [40/200 (20%)]	acc:0.5656	mcc:0.1289	Loss: 0.684004
2023-12-21 15:40:48,548 - Stock Train Epoch: 17 [50/200 (25%)]	acc:0.5734	mcc:0.1734	Loss: 0.661008
2023-12-21 15:40:48,748 - Stock Train Epoch: 17 [60/200 (30%)]	acc:0.5547	mcc:0.1080	Loss: 0.682743
2023-12-21 15:40:49,013 - Stock Train Epoch: 17 [70/200 (35%)]	acc:0.5656	mcc:0.1193	Loss: 0.671848
2023-12-21 15:40:49,323 - Stock Train Epoch: 17 [80/200 (40%)]	acc:0.5734	mcc:0.1543	Loss: 0.670160
2023-12-21 15:40:49,483 - Stock Train Epoch: 17 [90/200 (45%)]	acc:0.5766	mcc:0.1332	Loss: 0.673703
2023-12-21 15:40:49,667 - Stock Train Epoch: 17 [100/200 (50%)]	acc:0.5016	mcc:0.0351	Loss: 0.690656
2023-12-21 15:40:49,822 - Stock Train Epoch: 17 [110/200 (55%)]	acc:0.5375	mcc:0.0916	Loss: 0.685772
2023-12-21 15:40:49,996 - Stock Train Epoch: 17 [120/200 (60%)]	acc:0.5656	mcc:0.1309	Loss: 0.670624
2023-12-21 15:40:50,146 - Stock Train Epoch: 17 [130/200 (65%)]	acc:0.6016	mcc:0.1534	Loss: 0.670822
2023-12-21 15:40:50,321 - Stock Train Epoch: 17 [140/200 (70%)]	acc:0.5547	mcc:0.0617	Loss: 0.675695
2023-12-21 15:40:50,476 - Stock Train Epoch: 17 [150/200 (75%)]	acc:0.5766	mcc:0.1394	Loss: 0.675982
2023-12-21 15:40:50,649 - Stock Train Epoch: 17 [160/200 (80%)]	acc:0.5391	mcc:0.0225	Loss: 0.682666
2023-12-21 15:40:50,804 - Stock Train Epoch: 17 [170/200 (85%)]	acc:0.5281	mcc:0.0469	Loss: 0.683716
2023-12-21 15:40:50,978 - Stock Train Epoch: 17 [180/200 (90%)]	acc:0.5828	mcc:0.1603	Loss: 0.671176
2023-12-21 15:40:51,132 - Stock Train Epoch: 17 [190/200 (95%)]	acc:0.5672	mcc:0.1285	Loss: 0.676640
2023-12-21 15:40:51,288 -  ====> Stock Training Set: Average loss: 0.6744	 Average acc: 0.5694	 Var acc: 0.0007	 Average mcc: 0.1316	 Var mcc:0.0021

2023-12-21 15:40:51,289 - ********* start stock validation *********
2023-12-21 15:40:51,567 - ===>Stock Validation set: Average loss: 0.6758	Accuracy:0.5667	 MCC:0.1337

2023-12-21 15:40:51,567 - ********* start stock training *********
2023-12-21 15:40:51,585 - Stock Train Epoch: 18 [0/200 (0%)]	acc:0.5656	mcc:0.1239	Loss: 0.667329
2023-12-21 15:40:51,744 - Stock Train Epoch: 18 [10/200 (5%)]	acc:0.5672	mcc:0.1363	Loss: 0.669394
2023-12-21 15:40:52,036 - Stock Train Epoch: 18 [20/200 (10%)]	acc:0.5453	mcc:0.0382	Loss: 0.681717
2023-12-21 15:40:52,192 - Stock Train Epoch: 18 [30/200 (15%)]	acc:0.5813	mcc:0.1429	Loss: 0.664686
2023-12-21 15:40:52,346 - Stock Train Epoch: 18 [40/200 (20%)]	acc:0.5656	mcc:0.1253	Loss: 0.673139
2023-12-21 15:40:52,495 - Stock Train Epoch: 18 [50/200 (25%)]	acc:0.5266	mcc:0.1083	Loss: 0.687453
2023-12-21 15:40:52,674 - Stock Train Epoch: 18 [60/200 (30%)]	acc:0.5781	mcc:0.1529	Loss: 0.673050
2023-12-21 15:40:52,828 - Stock Train Epoch: 18 [70/200 (35%)]	acc:0.6156	mcc:0.1722	Loss: 0.655241
2023-12-21 15:40:52,984 - Stock Train Epoch: 18 [80/200 (40%)]	acc:0.5938	mcc:0.1800	Loss: 0.665833
2023-12-21 15:40:53,126 - Stock Train Epoch: 18 [90/200 (45%)]	acc:0.6016	mcc:0.1299	Loss: 0.662557
2023-12-21 15:40:53,290 - Stock Train Epoch: 18 [100/200 (50%)]	acc:0.5578	mcc:0.1112	Loss: 0.679157
2023-12-21 15:40:53,434 - Stock Train Epoch: 18 [110/200 (55%)]	acc:0.5391	mcc:0.0598	Loss: 0.685826
2023-12-21 15:40:53,620 - Stock Train Epoch: 18 [120/200 (60%)]	acc:0.5891	mcc:0.1564	Loss: 0.667154
2023-12-21 15:40:53,763 - Stock Train Epoch: 18 [130/200 (65%)]	acc:0.5719	mcc:0.1373	Loss: 0.673099
2023-12-21 15:40:53,920 - Stock Train Epoch: 18 [140/200 (70%)]	acc:0.6000	mcc:0.1747	Loss: 0.667171
2023-12-21 15:40:54,067 - Stock Train Epoch: 18 [150/200 (75%)]	acc:0.5547	mcc:0.1076	Loss: 0.686241
2023-12-21 15:40:54,220 - Stock Train Epoch: 18 [160/200 (80%)]	acc:0.6062	mcc:0.2098	Loss: 0.669456
2023-12-21 15:40:54,367 - Stock Train Epoch: 18 [170/200 (85%)]	acc:0.5250	mcc:0.0991	Loss: 0.691523
2023-12-21 15:40:54,521 - Stock Train Epoch: 18 [180/200 (90%)]	acc:0.5750	mcc:0.1206	Loss: 0.677400
2023-12-21 15:40:54,670 - Stock Train Epoch: 18 [190/200 (95%)]	acc:0.5469	mcc:0.0931	Loss: 0.685026
2023-12-21 15:40:54,819 -  ====> Stock Training Set: Average loss: 0.6742	 Average acc: 0.5696	 Var acc: 0.0007	 Average mcc: 0.1316	 Var mcc:0.0020

2023-12-21 15:40:54,819 - ********* start stock validation *********
2023-12-21 15:40:55,189 - ===>Stock Validation set: Average loss: 0.6762	Accuracy:0.5650	 MCC:0.1314

2023-12-21 15:40:55,189 - ********* start stock training *********
2023-12-21 15:40:55,205 - Stock Train Epoch: 19 [0/200 (0%)]	acc:0.6047	mcc:0.1389	Loss: 0.662141
2023-12-21 15:40:55,389 - Stock Train Epoch: 19 [10/200 (5%)]	acc:0.5687	mcc:0.1187	Loss: 0.669746
2023-12-21 15:40:55,583 - Stock Train Epoch: 19 [20/200 (10%)]	acc:0.5703	mcc:0.1093	Loss: 0.669850
2023-12-21 15:40:55,729 - Stock Train Epoch: 19 [30/200 (15%)]	acc:0.5531	mcc:0.1245	Loss: 0.682652
2023-12-21 15:40:55,887 - Stock Train Epoch: 19 [40/200 (20%)]	acc:0.5891	mcc:0.1281	Loss: 0.665769
2023-12-21 15:40:56,045 - Stock Train Epoch: 19 [50/200 (25%)]	acc:0.5391	mcc:0.1013	Loss: 0.676661
2023-12-21 15:40:56,210 - Stock Train Epoch: 19 [60/200 (30%)]	acc:0.5859	mcc:0.1648	Loss: 0.676831
2023-12-21 15:40:56,370 - Stock Train Epoch: 19 [70/200 (35%)]	acc:0.6297	mcc:0.2589	Loss: 0.667047
2023-12-21 15:40:56,521 - Stock Train Epoch: 19 [80/200 (40%)]	acc:0.5672	mcc:0.1363	Loss: 0.669738
2023-12-21 15:40:56,668 - Stock Train Epoch: 19 [90/200 (45%)]	acc:0.5516	mcc:0.0936	Loss: 0.678712
2023-12-21 15:40:56,851 - Stock Train Epoch: 19 [100/200 (50%)]	acc:0.5766	mcc:0.1634	Loss: 0.671464
2023-12-21 15:40:56,995 - Stock Train Epoch: 19 [110/200 (55%)]	acc:0.5859	mcc:0.1290	Loss: 0.668604
2023-12-21 15:40:57,147 - Stock Train Epoch: 19 [120/200 (60%)]	acc:0.5312	mcc:0.0543	Loss: 0.684929
2023-12-21 15:40:57,288 - Stock Train Epoch: 19 [130/200 (65%)]	acc:0.5734	mcc:0.1507	Loss: 0.670717
2023-12-21 15:40:57,448 - Stock Train Epoch: 19 [140/200 (70%)]	acc:0.5859	mcc:0.1621	Loss: 0.672003
2023-12-21 15:40:57,588 - Stock Train Epoch: 19 [150/200 (75%)]	acc:0.6031	mcc:0.2008	Loss: 0.660696
2023-12-21 15:40:57,748 - Stock Train Epoch: 19 [160/200 (80%)]	acc:0.5672	mcc:0.1400	Loss: 0.670354
2023-12-21 15:40:57,890 - Stock Train Epoch: 19 [170/200 (85%)]	acc:0.5656	mcc:0.1316	Loss: 0.669981
2023-12-21 15:40:58,212 - Stock Train Epoch: 19 [180/200 (90%)]	acc:0.5687	mcc:0.1385	Loss: 0.674200
2023-12-21 15:40:58,363 - Stock Train Epoch: 19 [190/200 (95%)]	acc:0.5156	mcc:0.0904	Loss: 0.685905
2023-12-21 15:40:58,515 -  ====> Stock Training Set: Average loss: 0.6740	 Average acc: 0.5700	 Var acc: 0.0006	 Average mcc: 0.1332	 Var mcc:0.0020

2023-12-21 15:40:58,515 - ********* start stock validation *********
2023-12-21 15:40:58,751 - ===>Stock Validation set: Average loss: 0.6753	Accuracy:0.5659	 MCC:0.1319

2023-12-21 15:40:58,751 - ********* start stock training *********
2023-12-21 15:40:58,762 - Stock Train Epoch: 20 [0/200 (0%)]	acc:0.5703	mcc:0.1385	Loss: 0.668093
2023-12-21 15:40:58,908 - Stock Train Epoch: 20 [10/200 (5%)]	acc:0.5750	mcc:0.1512	Loss: 0.669700
2023-12-21 15:40:59,090 - Stock Train Epoch: 20 [20/200 (10%)]	acc:0.5938	mcc:0.1922	Loss: 0.669799
2023-12-21 15:40:59,242 - Stock Train Epoch: 20 [30/200 (15%)]	acc:0.5234	mcc:0.0704	Loss: 0.692573
2023-12-21 15:40:59,409 - Stock Train Epoch: 20 [40/200 (20%)]	acc:0.5859	mcc:0.1334	Loss: 0.668861
2023-12-21 15:40:59,564 - Stock Train Epoch: 20 [50/200 (25%)]	acc:0.5563	mcc:0.1499	Loss: 0.676235
2023-12-21 15:40:59,724 - Stock Train Epoch: 20 [60/200 (30%)]	acc:0.6047	mcc:0.2110	Loss: 0.661391
2023-12-21 15:40:59,876 - Stock Train Epoch: 20 [70/200 (35%)]	acc:0.5813	mcc:0.1842	Loss: 0.658685
2023-12-21 15:41:00,027 - Stock Train Epoch: 20 [80/200 (40%)]	acc:0.5828	mcc:0.1565	Loss: 0.676977
2023-12-21 15:41:00,167 - Stock Train Epoch: 20 [90/200 (45%)]	acc:0.5922	mcc:0.1871	Loss: 0.666987
2023-12-21 15:41:00,318 - Stock Train Epoch: 20 [100/200 (50%)]	acc:0.4922	mcc:0.0661	Loss: 0.697613
2023-12-21 15:41:00,462 - Stock Train Epoch: 20 [110/200 (55%)]	acc:0.5766	mcc:0.1532	Loss: 0.669164
2023-12-21 15:41:00,613 - Stock Train Epoch: 20 [120/200 (60%)]	acc:0.5844	mcc:0.1627	Loss: 0.666391
2023-12-21 15:41:00,758 - Stock Train Epoch: 20 [130/200 (65%)]	acc:0.5656	mcc:0.1196	Loss: 0.670917
2023-12-21 15:41:00,920 - Stock Train Epoch: 20 [140/200 (70%)]	acc:0.5797	mcc:0.1263	Loss: 0.669991
2023-12-21 15:41:01,070 - Stock Train Epoch: 20 [150/200 (75%)]	acc:0.5734	mcc:0.1547	Loss: 0.671229
2023-12-21 15:41:01,250 - Stock Train Epoch: 20 [160/200 (80%)]	acc:0.5687	mcc:0.1375	Loss: 0.671613
2023-12-21 15:41:01,402 - Stock Train Epoch: 20 [170/200 (85%)]	acc:0.5906	mcc:0.1520	Loss: 0.677752
2023-12-21 15:41:01,564 - Stock Train Epoch: 20 [180/200 (90%)]	acc:0.6219	mcc:0.2022	Loss: 0.657618
2023-12-21 15:41:01,716 - Stock Train Epoch: 20 [190/200 (95%)]	acc:0.5750	mcc:0.1534	Loss: 0.669313
2023-12-21 15:41:01,854 -  ====> Stock Training Set: Average loss: 0.6737	 Average acc: 0.5703	 Var acc: 0.0007	 Average mcc: 0.1334	 Var mcc:0.0021

2023-12-21 15:41:01,855 - ********* start stock validation *********
2023-12-21 15:41:02,220 - ===>Stock Validation set: Average loss: 0.6751	Accuracy:0.5664	 MCC:0.1326

2023-12-21 15:41:02,220 - ********* start stock training *********
2023-12-21 15:41:02,236 - Stock Train Epoch: 21 [0/200 (0%)]	acc:0.5844	mcc:0.1694	Loss: 0.666363
2023-12-21 15:41:02,387 - Stock Train Epoch: 21 [10/200 (5%)]	acc:0.5766	mcc:0.1263	Loss: 0.675116
2023-12-21 15:41:02,554 - Stock Train Epoch: 21 [20/200 (10%)]	acc:0.5906	mcc:0.1683	Loss: 0.669741
2023-12-21 15:41:02,706 - Stock Train Epoch: 21 [30/200 (15%)]	acc:0.5406	mcc:0.0767	Loss: 0.683073
2023-12-21 15:41:02,873 - Stock Train Epoch: 21 [40/200 (20%)]	acc:0.5719	mcc:0.1178	Loss: 0.666552
2023-12-21 15:41:03,020 - Stock Train Epoch: 21 [50/200 (25%)]	acc:0.5938	mcc:0.1187	Loss: 0.664012
2023-12-21 15:41:03,192 - Stock Train Epoch: 21 [60/200 (30%)]	acc:0.5188	mcc:0.0966	Loss: 0.692633
2023-12-21 15:41:03,346 - Stock Train Epoch: 21 [70/200 (35%)]	acc:0.5797	mcc:0.1538	Loss: 0.666616
2023-12-21 15:41:03,551 - Stock Train Epoch: 21 [80/200 (40%)]	acc:0.4922	mcc:0.0497	Loss: 0.695438
2023-12-21 15:41:03,734 - Stock Train Epoch: 21 [90/200 (45%)]	acc:0.5469	mcc:0.0877	Loss: 0.685820
2023-12-21 15:41:03,935 - Stock Train Epoch: 21 [100/200 (50%)]	acc:0.5750	mcc:0.1335	Loss: 0.676577
2023-12-21 15:41:04,155 - Stock Train Epoch: 21 [110/200 (55%)]	acc:0.5828	mcc:0.1623	Loss: 0.675709
2023-12-21 15:41:04,321 - Stock Train Epoch: 21 [120/200 (60%)]	acc:0.5953	mcc:0.1861	Loss: 0.666271
2023-12-21 15:41:04,594 - Stock Train Epoch: 21 [130/200 (65%)]	acc:0.5859	mcc:0.1682	Loss: 0.676355
2023-12-21 15:41:04,811 - Stock Train Epoch: 21 [140/200 (70%)]	acc:0.5797	mcc:0.1495	Loss: 0.677514
2023-12-21 15:41:05,047 - Stock Train Epoch: 21 [150/200 (75%)]	acc:0.5234	mcc:0.0919	Loss: 0.691363
2023-12-21 15:41:05,324 - Stock Train Epoch: 21 [160/200 (80%)]	acc:0.5672	mcc:0.1390	Loss: 0.670181
2023-12-21 15:41:05,499 - Stock Train Epoch: 21 [170/200 (85%)]	acc:0.5891	mcc:0.1556	Loss: 0.672526
2023-12-21 15:41:05,688 - Stock Train Epoch: 21 [180/200 (90%)]	acc:0.6031	mcc:0.1952	Loss: 0.664429
2023-12-21 15:41:05,836 - Stock Train Epoch: 21 [190/200 (95%)]	acc:0.5891	mcc:0.1643	Loss: 0.663902
2023-12-21 15:41:05,979 -  ====> Stock Training Set: Average loss: 0.6737	 Average acc: 0.5713	 Var acc: 0.0007	 Average mcc: 0.1358	 Var mcc:0.0020

2023-12-21 15:41:05,979 - ********* start stock validation *********
2023-12-21 15:41:06,365 - ===>Stock Validation set: Average loss: 0.6754	Accuracy:0.5654	 MCC:0.1314

2023-12-21 15:41:06,365 - ********* start stock training *********
2023-12-21 15:41:06,382 - Stock Train Epoch: 22 [0/200 (0%)]	acc:0.6266	mcc:0.2531	Loss: 0.665750
2023-12-21 15:41:06,526 - Stock Train Epoch: 22 [10/200 (5%)]	acc:0.5266	mcc:0.0492	Loss: 0.687215
2023-12-21 15:41:06,700 - Stock Train Epoch: 22 [20/200 (10%)]	acc:0.6031	mcc:0.1819	Loss: 0.658645
2023-12-21 15:41:06,861 - Stock Train Epoch: 22 [30/200 (15%)]	acc:0.5813	mcc:0.1325	Loss: 0.676784
2023-12-21 15:41:07,049 - Stock Train Epoch: 22 [40/200 (20%)]	acc:0.5719	mcc:0.1388	Loss: 0.667017
2023-12-21 15:41:07,201 - Stock Train Epoch: 22 [50/200 (25%)]	acc:0.5578	mcc:0.1090	Loss: 0.678594
2023-12-21 15:41:07,371 - Stock Train Epoch: 22 [60/200 (30%)]	acc:0.5500	mcc:0.0999	Loss: 0.674924
2023-12-21 15:41:07,520 - Stock Train Epoch: 22 [70/200 (35%)]	acc:0.5781	mcc:0.1257	Loss: 0.675290
2023-12-21 15:41:07,676 - Stock Train Epoch: 22 [80/200 (40%)]	acc:0.5672	mcc:0.1225	Loss: 0.672271
2023-12-21 15:41:07,822 - Stock Train Epoch: 22 [90/200 (45%)]	acc:0.5750	mcc:0.1479	Loss: 0.676561
2023-12-21 15:41:07,978 - Stock Train Epoch: 22 [100/200 (50%)]	acc:0.5609	mcc:0.0931	Loss: 0.679414
2023-12-21 15:41:08,122 - Stock Train Epoch: 22 [110/200 (55%)]	acc:0.5750	mcc:0.1507	Loss: 0.676775
2023-12-21 15:41:08,293 - Stock Train Epoch: 22 [120/200 (60%)]	acc:0.5578	mcc:0.1145	Loss: 0.676300
2023-12-21 15:41:08,441 - Stock Train Epoch: 22 [130/200 (65%)]	acc:0.5859	mcc:0.1672	Loss: 0.672561
2023-12-21 15:41:08,607 - Stock Train Epoch: 22 [140/200 (70%)]	acc:0.5891	mcc:0.1726	Loss: 0.664985
2023-12-21 15:41:08,770 - Stock Train Epoch: 22 [150/200 (75%)]	acc:0.6047	mcc:0.1658	Loss: 0.666486
2023-12-21 15:41:08,925 - Stock Train Epoch: 22 [160/200 (80%)]	acc:0.5969	mcc:0.1712	Loss: 0.665547
2023-12-21 15:41:09,088 - Stock Train Epoch: 22 [170/200 (85%)]	acc:0.5844	mcc:0.1715	Loss: 0.671911
2023-12-21 15:41:09,263 - Stock Train Epoch: 22 [180/200 (90%)]	acc:0.6234	mcc:0.1929	Loss: 0.650865
2023-12-21 15:41:09,435 - Stock Train Epoch: 22 [190/200 (95%)]	acc:0.5203	mcc:0.0993	Loss: 0.692838
2023-12-21 15:41:09,594 -  ====> Stock Training Set: Average loss: 0.6734	 Average acc: 0.5716	 Var acc: 0.0007	 Average mcc: 0.1368	 Var mcc:0.0020

2023-12-21 15:41:09,594 - ********* start stock validation *********
2023-12-21 15:41:09,819 - ===>Stock Validation set: Average loss: 0.6753	Accuracy:0.5667	 MCC:0.1346

2023-12-21 15:41:09,819 - ********* start stock training *********
2023-12-21 15:41:09,846 - Stock Train Epoch: 23 [0/200 (0%)]	acc:0.5672	mcc:0.1488	Loss: 0.663604
2023-12-21 15:41:09,991 - Stock Train Epoch: 23 [10/200 (5%)]	acc:0.5266	mcc:0.0474	Loss: 0.687756
2023-12-21 15:41:10,169 - Stock Train Epoch: 23 [20/200 (10%)]	acc:0.6109	mcc:0.2109	Loss: 0.661030
2023-12-21 15:41:10,321 - Stock Train Epoch: 23 [30/200 (15%)]	acc:0.5828	mcc:0.1535	Loss: 0.675247
2023-12-21 15:41:10,490 - Stock Train Epoch: 23 [40/200 (20%)]	acc:0.5641	mcc:0.1120	Loss: 0.671023
2023-12-21 15:41:10,634 - Stock Train Epoch: 23 [50/200 (25%)]	acc:0.5984	mcc:0.1661	Loss: 0.666044
2023-12-21 15:41:10,800 - Stock Train Epoch: 23 [60/200 (30%)]	acc:0.6234	mcc:0.2406	Loss: 0.658926
2023-12-21 15:41:10,997 - Stock Train Epoch: 23 [70/200 (35%)]	acc:0.5813	mcc:0.1374	Loss: 0.669778
2023-12-21 15:41:11,153 - Stock Train Epoch: 23 [80/200 (40%)]	acc:0.5422	mcc:0.0829	Loss: 0.683344
2023-12-21 15:41:11,342 - Stock Train Epoch: 23 [90/200 (45%)]	acc:0.6281	mcc:0.2570	Loss: 0.665292
2023-12-21 15:41:11,496 - Stock Train Epoch: 23 [100/200 (50%)]	acc:0.5875	mcc:0.1745	Loss: 0.665123
2023-12-21 15:41:11,677 - Stock Train Epoch: 23 [110/200 (55%)]	acc:0.5687	mcc:0.1448	Loss: 0.670260
2023-12-21 15:41:11,855 - Stock Train Epoch: 23 [120/200 (60%)]	acc:0.5969	mcc:0.1811	Loss: 0.674555
2023-12-21 15:41:12,016 - Stock Train Epoch: 23 [130/200 (65%)]	acc:0.5437	mcc:0.0871	Loss: 0.687421
2023-12-21 15:41:12,187 - Stock Train Epoch: 23 [140/200 (70%)]	acc:0.5734	mcc:0.1452	Loss: 0.676638
2023-12-21 15:41:12,333 - Stock Train Epoch: 23 [150/200 (75%)]	acc:0.5875	mcc:0.1724	Loss: 0.665949
2023-12-21 15:41:12,490 - Stock Train Epoch: 23 [160/200 (80%)]	acc:0.5547	mcc:0.1094	Loss: 0.681329
2023-12-21 15:41:12,650 - Stock Train Epoch: 23 [170/200 (85%)]	acc:0.5687	mcc:0.1032	Loss: 0.666597
2023-12-21 15:41:12,806 - Stock Train Epoch: 23 [180/200 (90%)]	acc:0.5547	mcc:0.1043	Loss: 0.677974
2023-12-21 15:41:12,947 - Stock Train Epoch: 23 [190/200 (95%)]	acc:0.5734	mcc:0.1475	Loss: 0.668773
2023-12-21 15:41:13,099 -  ====> Stock Training Set: Average loss: 0.6732	 Average acc: 0.5720	 Var acc: 0.0007	 Average mcc: 0.1378	 Var mcc:0.0020

2023-12-21 15:41:13,099 - ********* start stock validation *********
2023-12-21 15:41:13,309 - ===>Stock Validation set: Average loss: 0.6758	Accuracy:0.5658	 MCC:0.1339

2023-12-21 15:41:13,309 - ********* start stock training *********
2023-12-21 15:41:13,332 - Stock Train Epoch: 24 [0/200 (0%)]	acc:0.5922	mcc:0.1876	Loss: 0.663498
2023-12-21 15:41:13,485 - Stock Train Epoch: 24 [10/200 (5%)]	acc:0.5437	mcc:0.0351	Loss: 0.682777
2023-12-21 15:41:13,656 - Stock Train Epoch: 24 [20/200 (10%)]	acc:0.5422	mcc:0.1286	Loss: 0.682953
2023-12-21 15:41:13,796 - Stock Train Epoch: 24 [30/200 (15%)]	acc:0.5781	mcc:0.1503	Loss: 0.670587
2023-12-21 15:41:13,951 - Stock Train Epoch: 24 [40/200 (20%)]	acc:0.5594	mcc:0.1240	Loss: 0.678570
2023-12-21 15:41:14,094 - Stock Train Epoch: 24 [50/200 (25%)]	acc:0.5938	mcc:0.1686	Loss: 0.666920
2023-12-21 15:41:14,242 - Stock Train Epoch: 24 [60/200 (30%)]	acc:0.5234	mcc:0.0424	Loss: 0.686981
2023-12-21 15:41:14,390 - Stock Train Epoch: 24 [70/200 (35%)]	acc:0.5578	mcc:0.1105	Loss: 0.681194
2023-12-21 15:41:14,569 - Stock Train Epoch: 24 [80/200 (40%)]	acc:0.5719	mcc:0.1305	Loss: 0.675829
2023-12-21 15:41:14,710 - Stock Train Epoch: 24 [90/200 (45%)]	acc:0.5750	mcc:0.1629	Loss: 0.672195
2023-12-21 15:41:14,870 - Stock Train Epoch: 24 [100/200 (50%)]	acc:0.6016	mcc:0.2054	Loss: 0.669120
2023-12-21 15:41:15,016 - Stock Train Epoch: 24 [110/200 (55%)]	acc:0.5781	mcc:0.1483	Loss: 0.675153
2023-12-21 15:41:15,166 - Stock Train Epoch: 24 [120/200 (60%)]	acc:0.5797	mcc:0.1326	Loss: 0.663128
2023-12-21 15:41:15,323 - Stock Train Epoch: 24 [130/200 (65%)]	acc:0.5656	mcc:0.1348	Loss: 0.671403
2023-12-21 15:41:15,495 - Stock Train Epoch: 24 [140/200 (70%)]	acc:0.6062	mcc:0.1871	Loss: 0.660130
2023-12-21 15:41:15,666 - Stock Train Epoch: 24 [150/200 (75%)]	acc:0.5766	mcc:0.1371	Loss: 0.671020
2023-12-21 15:41:15,845 - Stock Train Epoch: 24 [160/200 (80%)]	acc:0.5750	mcc:0.1496	Loss: 0.673971
2023-12-21 15:41:15,989 - Stock Train Epoch: 24 [170/200 (85%)]	acc:0.6172	mcc:0.2302	Loss: 0.661568
2023-12-21 15:41:16,161 - Stock Train Epoch: 24 [180/200 (90%)]	acc:0.5547	mcc:0.1066	Loss: 0.680367
2023-12-21 15:41:16,325 - Stock Train Epoch: 24 [190/200 (95%)]	acc:0.5719	mcc:0.1419	Loss: 0.680288
2023-12-21 15:41:16,496 -  ====> Stock Training Set: Average loss: 0.6731	 Average acc: 0.5725	 Var acc: 0.0007	 Average mcc: 0.1388	 Var mcc:0.0021

2023-12-21 15:41:16,496 - ********* start stock validation *********
2023-12-21 15:41:16,883 - ===>Stock Validation set: Average loss: 0.6750	Accuracy:0.5668	 MCC:0.1348

2023-12-21 15:41:16,884 - ********* start stock training *********
2023-12-21 15:41:16,900 - Stock Train Epoch: 25 [0/200 (0%)]	acc:0.6078	mcc:0.2306	Loss: 0.668777
2023-12-21 15:41:17,056 - Stock Train Epoch: 25 [10/200 (5%)]	acc:0.5813	mcc:0.1652	Loss: 0.671438
2023-12-21 15:41:17,244 - Stock Train Epoch: 25 [20/200 (10%)]	acc:0.5734	mcc:0.1338	Loss: 0.674325
2023-12-21 15:41:17,395 - Stock Train Epoch: 25 [30/200 (15%)]	acc:0.5500	mcc:0.0843	Loss: 0.675978
2023-12-21 15:41:17,532 - Stock Train Epoch: 25 [40/200 (20%)]	acc:0.5781	mcc:0.1782	Loss: 0.658383
2023-12-21 15:41:17,675 - Stock Train Epoch: 25 [50/200 (25%)]	acc:0.5500	mcc:0.1011	Loss: 0.674847
2023-12-21 15:41:17,838 - Stock Train Epoch: 25 [60/200 (30%)]	acc:0.5766	mcc:0.1486	Loss: 0.674138
2023-12-21 15:41:17,975 - Stock Train Epoch: 25 [70/200 (35%)]	acc:0.6062	mcc:0.1885	Loss: 0.659050
2023-12-21 15:41:18,137 - Stock Train Epoch: 25 [80/200 (40%)]	acc:0.5547	mcc:0.0605	Loss: 0.675367
2023-12-21 15:41:18,300 - Stock Train Epoch: 25 [90/200 (45%)]	acc:0.5188	mcc:0.0505	Loss: 0.690464
2023-12-21 15:41:18,469 - Stock Train Epoch: 25 [100/200 (50%)]	acc:0.6047	mcc:0.1618	Loss: 0.669212
2023-12-21 15:41:18,619 - Stock Train Epoch: 25 [110/200 (55%)]	acc:0.5656	mcc:0.1466	Loss: 0.662562
2023-12-21 15:41:18,776 - Stock Train Epoch: 25 [120/200 (60%)]	acc:0.5453	mcc:0.0803	Loss: 0.682207
2023-12-21 15:41:18,921 - Stock Train Epoch: 25 [130/200 (65%)]	acc:0.5828	mcc:0.1635	Loss: 0.669772
2023-12-21 15:41:19,071 - Stock Train Epoch: 25 [140/200 (70%)]	acc:0.5969	mcc:0.1779	Loss: 0.665692
2023-12-21 15:41:19,226 - Stock Train Epoch: 25 [150/200 (75%)]	acc:0.6234	mcc:0.2031	Loss: 0.653586
2023-12-21 15:41:19,396 - Stock Train Epoch: 25 [160/200 (80%)]	acc:0.5672	mcc:0.1183	Loss: 0.673055
2023-12-21 15:41:19,559 - Stock Train Epoch: 25 [170/200 (85%)]	acc:0.6031	mcc:0.1941	Loss: 0.660847
2023-12-21 15:41:19,729 - Stock Train Epoch: 25 [180/200 (90%)]	acc:0.5750	mcc:0.1335	Loss: 0.675402
2023-12-21 15:41:19,878 - Stock Train Epoch: 25 [190/200 (95%)]	acc:0.6000	mcc:0.1966	Loss: 0.666565
2023-12-21 15:41:20,035 -  ====> Stock Training Set: Average loss: 0.6729	 Average acc: 0.5727	 Var acc: 0.0006	 Average mcc: 0.1391	 Var mcc:0.0019

2023-12-21 15:41:20,035 - ********* start stock validation *********
2023-12-21 15:41:20,250 - ===>Stock Validation set: Average loss: 0.6759	Accuracy:0.5664	 MCC:0.1360

2023-12-21 15:41:20,250 - ********* start stock training *********
2023-12-21 15:41:20,304 - Stock Train Epoch: 26 [0/200 (0%)]	acc:0.5594	mcc:0.0638	Loss: 0.673043
2023-12-21 15:41:20,458 - Stock Train Epoch: 26 [10/200 (5%)]	acc:0.5484	mcc:0.1039	Loss: 0.677089
2023-12-21 15:41:20,631 - Stock Train Epoch: 26 [20/200 (10%)]	acc:0.5563	mcc:0.1072	Loss: 0.680838
2023-12-21 15:41:20,779 - Stock Train Epoch: 26 [30/200 (15%)]	acc:0.5781	mcc:0.1555	Loss: 0.668353
2023-12-21 15:41:20,932 - Stock Train Epoch: 26 [40/200 (20%)]	acc:0.5891	mcc:0.1487	Loss: 0.676756
2023-12-21 15:41:21,082 - Stock Train Epoch: 26 [50/200 (25%)]	acc:0.5578	mcc:0.1176	Loss: 0.674849
2023-12-21 15:41:21,235 - Stock Train Epoch: 26 [60/200 (30%)]	acc:0.5437	mcc:0.0780	Loss: 0.673785
2023-12-21 15:41:21,380 - Stock Train Epoch: 26 [70/200 (35%)]	acc:0.5984	mcc:0.1714	Loss: 0.662800
2023-12-21 15:41:21,519 - Stock Train Epoch: 26 [80/200 (40%)]	acc:0.5344	mcc:0.1624	Loss: 0.691411
2023-12-21 15:41:21,685 - Stock Train Epoch: 26 [90/200 (45%)]	acc:0.6031	mcc:0.2120	Loss: 0.667537
2023-12-21 15:41:21,837 - Stock Train Epoch: 26 [100/200 (50%)]	acc:0.6062	mcc:0.1089	Loss: 0.653462
2023-12-21 15:41:22,021 - Stock Train Epoch: 26 [110/200 (55%)]	acc:0.5844	mcc:0.1482	Loss: 0.684045
2023-12-21 15:41:22,183 - Stock Train Epoch: 26 [120/200 (60%)]	acc:0.5781	mcc:0.1568	Loss: 0.668805
2023-12-21 15:41:22,349 - Stock Train Epoch: 26 [130/200 (65%)]	acc:0.5719	mcc:0.0919	Loss: 0.672662
2023-12-21 15:41:22,507 - Stock Train Epoch: 26 [140/200 (70%)]	acc:0.5750	mcc:0.1248	Loss: 0.674146
2023-12-21 15:41:22,674 - Stock Train Epoch: 26 [150/200 (75%)]	acc:0.5703	mcc:0.1325	Loss: 0.669982
2023-12-21 15:41:22,822 - Stock Train Epoch: 26 [160/200 (80%)]	acc:0.5703	mcc:0.1358	Loss: 0.672652
2023-12-21 15:41:22,979 - Stock Train Epoch: 26 [170/200 (85%)]	acc:0.6391	mcc:0.2362	Loss: 0.654298
2023-12-21 15:41:23,152 - Stock Train Epoch: 26 [180/200 (90%)]	acc:0.5719	mcc:0.1427	Loss: 0.679515
2023-12-21 15:41:23,340 - Stock Train Epoch: 26 [190/200 (95%)]	acc:0.5734	mcc:0.1445	Loss: 0.683622
2023-12-21 15:41:23,516 -  ====> Stock Training Set: Average loss: 0.6728	 Average acc: 0.5732	 Var acc: 0.0007	 Average mcc: 0.1406	 Var mcc:0.0021

2023-12-21 15:41:23,516 - ********* start stock validation *********
2023-12-21 15:41:23,806 - ===>Stock Validation set: Average loss: 0.6752	Accuracy:0.5668	 MCC:0.1353

2023-12-21 15:41:23,806 - ********* start stock training *********
2023-12-21 15:41:23,819 - Stock Train Epoch: 27 [0/200 (0%)]	acc:0.5828	mcc:0.1416	Loss: 0.669570
2023-12-21 15:41:23,986 - Stock Train Epoch: 27 [10/200 (5%)]	acc:0.5547	mcc:0.1176	Loss: 0.676607
2023-12-21 15:41:24,182 - Stock Train Epoch: 27 [20/200 (10%)]	acc:0.5875	mcc:0.1585	Loss: 0.670818
2023-12-21 15:41:24,330 - Stock Train Epoch: 27 [30/200 (15%)]	acc:0.5453	mcc:0.1058	Loss: 0.689656
2023-12-21 15:41:24,493 - Stock Train Epoch: 27 [40/200 (20%)]	acc:0.5422	mcc:0.1337	Loss: 0.683623
2023-12-21 15:41:24,659 - Stock Train Epoch: 27 [50/200 (25%)]	acc:0.5703	mcc:0.1418	Loss: 0.672778
2023-12-21 15:41:24,901 - Stock Train Epoch: 27 [60/200 (30%)]	acc:0.5656	mcc:0.1348	Loss: 0.671288
2023-12-21 15:41:25,147 - Stock Train Epoch: 27 [70/200 (35%)]	acc:0.5797	mcc:0.1639	Loss: 0.673496
2023-12-21 15:41:25,539 - Stock Train Epoch: 27 [80/200 (40%)]	acc:0.5719	mcc:0.1362	Loss: 0.669942
2023-12-21 15:41:25,718 - Stock Train Epoch: 27 [90/200 (45%)]	acc:0.6031	mcc:0.2053	Loss: 0.667347
2023-12-21 15:41:25,892 - Stock Train Epoch: 27 [100/200 (50%)]	acc:0.5953	mcc:0.1755	Loss: 0.667558
2023-12-21 15:41:26,049 - Stock Train Epoch: 27 [110/200 (55%)]	acc:0.5859	mcc:0.1592	Loss: 0.673856
2023-12-21 15:41:26,219 - Stock Train Epoch: 27 [120/200 (60%)]	acc:0.5766	mcc:0.1526	Loss: 0.667655
2023-12-21 15:41:26,397 - Stock Train Epoch: 27 [130/200 (65%)]	acc:0.5969	mcc:0.1900	Loss: 0.661368
2023-12-21 15:41:26,569 - Stock Train Epoch: 27 [140/200 (70%)]	acc:0.6109	mcc:0.1980	Loss: 0.659962
2023-12-21 15:41:26,732 - Stock Train Epoch: 27 [150/200 (75%)]	acc:0.5656	mcc:0.1326	Loss: 0.678768
2023-12-21 15:41:26,902 - Stock Train Epoch: 27 [160/200 (80%)]	acc:0.4938	mcc:0.0575	Loss: 0.694499
2023-12-21 15:41:27,073 - Stock Train Epoch: 27 [170/200 (85%)]	acc:0.5844	mcc:0.1662	Loss: 0.673685
2023-12-21 15:41:27,234 - Stock Train Epoch: 27 [180/200 (90%)]	acc:0.5437	mcc:0.0964	Loss: 0.673902
2023-12-21 15:41:27,393 - Stock Train Epoch: 27 [190/200 (95%)]	acc:0.5656	mcc:0.1307	Loss: 0.671766
2023-12-21 15:41:27,533 -  ====> Stock Training Set: Average loss: 0.6727	 Average acc: 0.5733	 Var acc: 0.0006	 Average mcc: 0.1401	 Var mcc:0.0020

2023-12-21 15:41:27,533 - ********* start stock validation *********
2023-12-21 15:41:27,752 - ===>Stock Validation set: Average loss: 0.6748	Accuracy:0.5678	 MCC:0.1369

2023-12-21 15:41:27,752 - ********* start stock training *********
2023-12-21 15:41:27,769 - Stock Train Epoch: 28 [0/200 (0%)]	acc:0.5797	mcc:0.1406	Loss: 0.670067
2023-12-21 15:41:27,914 - Stock Train Epoch: 28 [10/200 (5%)]	acc:0.5672	mcc:0.1513	Loss: 0.662232
2023-12-21 15:41:28,086 - Stock Train Epoch: 28 [20/200 (10%)]	acc:0.5969	mcc:0.1817	Loss: 0.665356
2023-12-21 15:41:28,228 - Stock Train Epoch: 28 [30/200 (15%)]	acc:0.5516	mcc:0.0558	Loss: 0.682235
2023-12-21 15:41:28,389 - Stock Train Epoch: 28 [40/200 (20%)]	acc:0.5813	mcc:0.1556	Loss: 0.675010
2023-12-21 15:41:28,533 - Stock Train Epoch: 28 [50/200 (25%)]	acc:0.5172	mcc:0.1099	Loss: 0.687989
2023-12-21 15:41:28,697 - Stock Train Epoch: 28 [60/200 (30%)]	acc:0.5469	mcc:0.0804	Loss: 0.677098
2023-12-21 15:41:28,847 - Stock Train Epoch: 28 [70/200 (35%)]	acc:0.6109	mcc:0.2107	Loss: 0.660368
2023-12-21 15:41:29,003 - Stock Train Epoch: 28 [80/200 (40%)]	acc:0.5891	mcc:0.1643	Loss: 0.674442
2023-12-21 15:41:29,145 - Stock Train Epoch: 28 [90/200 (45%)]	acc:0.6078	mcc:0.2210	Loss: 0.666986
2023-12-21 15:41:29,318 - Stock Train Epoch: 28 [100/200 (50%)]	acc:0.5828	mcc:0.1715	Loss: 0.672512
2023-12-21 15:41:29,483 - Stock Train Epoch: 28 [110/200 (55%)]	acc:0.4953	mcc:0.0610	Loss: 0.694158
2023-12-21 15:41:29,654 - Stock Train Epoch: 28 [120/200 (60%)]	acc:0.5656	mcc:0.1343	Loss: 0.674988
2023-12-21 15:41:29,809 - Stock Train Epoch: 28 [130/200 (65%)]	acc:0.5563	mcc:0.1101	Loss: 0.674537
2023-12-21 15:41:29,994 - Stock Train Epoch: 28 [140/200 (70%)]	acc:0.5750	mcc:0.1753	Loss: 0.670341
2023-12-21 15:41:30,152 - Stock Train Epoch: 28 [150/200 (75%)]	acc:0.5656	mcc:0.1425	Loss: 0.672688
2023-12-21 15:41:30,312 - Stock Train Epoch: 28 [160/200 (80%)]	acc:0.5203	mcc:0.0639	Loss: 0.689434
2023-12-21 15:41:30,461 - Stock Train Epoch: 28 [170/200 (85%)]	acc:0.5797	mcc:0.1029	Loss: 0.673791
2023-12-21 15:41:30,644 - Stock Train Epoch: 28 [180/200 (90%)]	acc:0.5375	mcc:0.0694	Loss: 0.676718
2023-12-21 15:41:30,783 - Stock Train Epoch: 28 [190/200 (95%)]	acc:0.6016	mcc:0.1742	Loss: 0.659885
2023-12-21 15:41:30,941 -  ====> Stock Training Set: Average loss: 0.6725	 Average acc: 0.5729	 Var acc: 0.0006	 Average mcc: 0.1400	 Var mcc:0.0020

2023-12-21 15:41:30,942 - ********* start stock validation *********
2023-12-21 15:41:31,306 - ===>Stock Validation set: Average loss: 0.6743	Accuracy:0.5678	 MCC:0.1356

2023-12-21 15:41:31,306 - ********* start stock training *********
2023-12-21 15:41:31,321 - Stock Train Epoch: 29 [0/200 (0%)]	acc:0.5906	mcc:0.1759	Loss: 0.667957
2023-12-21 15:41:31,474 - Stock Train Epoch: 29 [10/200 (5%)]	acc:0.6188	mcc:0.2351	Loss: 0.660207
2023-12-21 15:41:31,662 - Stock Train Epoch: 29 [20/200 (10%)]	acc:0.5453	mcc:0.1714	Loss: 0.689540
2023-12-21 15:41:31,808 - Stock Train Epoch: 29 [30/200 (15%)]	acc:0.5953	mcc:0.1954	Loss: 0.669448
2023-12-21 15:41:31,976 - Stock Train Epoch: 29 [40/200 (20%)]	acc:0.5719	mcc:0.1471	Loss: 0.672084
2023-12-21 15:41:32,119 - Stock Train Epoch: 29 [50/200 (25%)]	acc:0.5844	mcc:0.1895	Loss: 0.657857
2023-12-21 15:41:32,287 - Stock Train Epoch: 29 [60/200 (30%)]	acc:0.5609	mcc:0.0762	Loss: 0.676465
2023-12-21 15:41:32,430 - Stock Train Epoch: 29 [70/200 (35%)]	acc:0.6312	mcc:0.2591	Loss: 0.656689
2023-12-21 15:41:32,582 - Stock Train Epoch: 29 [80/200 (40%)]	acc:0.5609	mcc:0.0957	Loss: 0.668251
2023-12-21 15:41:32,725 - Stock Train Epoch: 29 [90/200 (45%)]	acc:0.5437	mcc:0.0878	Loss: 0.676861
2023-12-21 15:41:32,877 - Stock Train Epoch: 29 [100/200 (50%)]	acc:0.5609	mcc:0.1561	Loss: 0.675818
2023-12-21 15:41:33,021 - Stock Train Epoch: 29 [110/200 (55%)]	acc:0.5813	mcc:0.1934	Loss: 0.675432
2023-12-21 15:41:33,178 - Stock Train Epoch: 29 [120/200 (60%)]	acc:0.6078	mcc:0.2198	Loss: 0.666671
2023-12-21 15:41:33,317 - Stock Train Epoch: 29 [130/200 (65%)]	acc:0.5687	mcc:0.0985	Loss: 0.674948
2023-12-21 15:41:33,482 - Stock Train Epoch: 29 [140/200 (70%)]	acc:0.6016	mcc:0.1640	Loss: 0.667878
2023-12-21 15:41:33,640 - Stock Train Epoch: 29 [150/200 (75%)]	acc:0.5938	mcc:0.1862	Loss: 0.665165
2023-12-21 15:41:33,821 - Stock Train Epoch: 29 [160/200 (80%)]	acc:0.5219	mcc:0.1021	Loss: 0.693145
2023-12-21 15:41:33,989 - Stock Train Epoch: 29 [170/200 (85%)]	acc:0.5875	mcc:0.1314	Loss: 0.665995
2023-12-21 15:41:34,170 - Stock Train Epoch: 29 [180/200 (90%)]	acc:0.6031	mcc:0.2035	Loss: 0.667121
2023-12-21 15:41:34,325 - Stock Train Epoch: 29 [190/200 (95%)]	acc:0.5797	mcc:0.1745	Loss: 0.672532
2023-12-21 15:41:34,483 -  ====> Stock Training Set: Average loss: 0.6724	 Average acc: 0.5739	 Var acc: 0.0007	 Average mcc: 0.1423	 Var mcc:0.0021

2023-12-21 15:41:34,483 - ********* start stock validation *********
2023-12-21 15:41:34,717 - ===>Stock Validation set: Average loss: 0.6750	Accuracy:0.5680	 MCC:0.1381

2023-12-21 15:41:34,717 - ********* start stock training *********
2023-12-21 15:41:34,733 - Stock Train Epoch: 30 [0/200 (0%)]	acc:0.5953	mcc:0.1856	Loss: 0.669505
2023-12-21 15:41:34,885 - Stock Train Epoch: 30 [10/200 (5%)]	acc:0.6219	mcc:0.2044	Loss: 0.654330
2023-12-21 15:41:35,068 - Stock Train Epoch: 30 [20/200 (10%)]	acc:0.5516	mcc:0.0558	Loss: 0.682695
2023-12-21 15:41:35,225 - Stock Train Epoch: 30 [30/200 (15%)]	acc:0.5844	mcc:0.1646	Loss: 0.674387
2023-12-21 15:41:35,383 - Stock Train Epoch: 30 [40/200 (20%)]	acc:0.5984	mcc:0.1869	Loss: 0.667919
2023-12-21 15:41:35,543 - Stock Train Epoch: 30 [50/200 (25%)]	acc:0.5656	mcc:0.1478	Loss: 0.662107
2023-12-21 15:41:35,695 - Stock Train Epoch: 30 [60/200 (30%)]	acc:0.5219	mcc:0.1071	Loss: 0.693302
2023-12-21 15:41:35,837 - Stock Train Epoch: 30 [70/200 (35%)]	acc:0.5703	mcc:0.1356	Loss: 0.674783
2023-12-21 15:41:36,005 - Stock Train Epoch: 30 [80/200 (40%)]	acc:0.5906	mcc:0.1500	Loss: 0.674408
2023-12-21 15:41:36,148 - Stock Train Epoch: 30 [90/200 (45%)]	acc:0.5797	mcc:0.1399	Loss: 0.670373
2023-12-21 15:41:36,316 - Stock Train Epoch: 30 [100/200 (50%)]	acc:0.5219	mcc:0.0547	Loss: 0.691352
2023-12-21 15:41:36,472 - Stock Train Epoch: 30 [110/200 (55%)]	acc:0.5500	mcc:0.1008	Loss: 0.679262
2023-12-21 15:41:36,650 - Stock Train Epoch: 30 [120/200 (60%)]	acc:0.5766	mcc:0.1564	Loss: 0.667307
2023-12-21 15:41:36,803 - Stock Train Epoch: 30 [130/200 (65%)]	acc:0.5469	mcc:0.1313	Loss: 0.681491
2023-12-21 15:41:36,979 - Stock Train Epoch: 30 [140/200 (70%)]	acc:0.5703	mcc:0.1365	Loss: 0.664627
2023-12-21 15:41:37,131 - Stock Train Epoch: 30 [150/200 (75%)]	acc:0.5750	mcc:0.1381	Loss: 0.672319
2023-12-21 15:41:37,294 - Stock Train Epoch: 30 [160/200 (80%)]	acc:0.5875	mcc:0.1705	Loss: 0.662688
2023-12-21 15:41:37,462 - Stock Train Epoch: 30 [170/200 (85%)]	acc:0.5734	mcc:0.1608	Loss: 0.671557
2023-12-21 15:41:37,620 - Stock Train Epoch: 30 [180/200 (90%)]	acc:0.6094	mcc:0.2089	Loss: 0.661561
2023-12-21 15:41:37,779 - Stock Train Epoch: 30 [190/200 (95%)]	acc:0.5938	mcc:0.1734	Loss: 0.668613
2023-12-21 15:41:37,934 -  ====> Stock Training Set: Average loss: 0.6723	 Average acc: 0.5737	 Var acc: 0.0007	 Average mcc: 0.1416	 Var mcc:0.0021

2023-12-21 15:41:37,934 - ********* start stock validation *********
2023-12-21 15:41:38,162 - ===>Stock Validation set: Average loss: 0.6743	Accuracy:0.5683	 MCC:0.1374

2023-12-21 15:41:38,162 - ***** best validation acc :0.5683	 mcc:0.1374

